2024-09-05T14:48:51.812Z  INFO 9680 --- [GestCantineADA] [restartedMain] c.g.G.GestCantineAdaApplication          : Starting GestCantineAdaApplication using Java 17.0.12 with PID 9680 (C:\Users\BINO BINO\Desktop\GestCantineADA\target\classes started by BINO BINO in C:\Users\BINO BINO\Desktop\GestCantineADA)
2024-09-05T14:48:51.819Z  INFO 9680 --- [GestCantineADA] [restartedMain] c.g.G.GestCantineAdaApplication          : No active profile set, falling back to 1 default profile: "default"
2024-09-05T14:48:53.844Z  INFO 9680 --- [GestCantineADA] [restartedMain] .e.DevToolsPropertyDefaultsPostProcessor : Devtools property defaults active! Set 'spring.devtools.add-properties' to 'false' to disable
2024-09-05T14:48:54.054Z  INFO 9680 --- [GestCantineADA] [restartedMain] .e.DevToolsPropertyDefaultsPostProcessor : For additional web related logging consider setting the 'logging.level.web' property to 'DEBUG'
2024-09-05T14:49:02.553Z  INFO 9680 --- [GestCantineADA] [restartedMain] .s.d.r.c.RepositoryConfigurationDelegate : Bootstrapping Spring Data JPA repositories in DEFAULT mode.
2024-09-05T14:49:02.683Z  INFO 9680 --- [GestCantineADA] [restartedMain] .s.d.r.c.RepositoryConfigurationDelegate : Finished Spring Data repository scanning in 48 ms. Found 0 JPA repository interfaces.
2024-09-05T14:49:12.808Z  INFO 9680 --- [GestCantineADA] [restartedMain] o.s.b.w.embedded.tomcat.TomcatWebServer  : Tomcat initialized with port 8080 (http)
2024-09-05T14:49:13.002Z  INFO 9680 --- [GestCantineADA] [restartedMain] o.apache.catalina.core.StandardService   : Starting service [Tomcat]
2024-09-05T14:49:13.008Z  INFO 9680 --- [GestCantineADA] [restartedMain] o.apache.catalina.core.StandardEngine    : Starting Servlet engine: [Apache Tomcat/10.1.28]
2024-09-05T14:49:13.444Z  INFO 9680 --- [GestCantineADA] [restartedMain] o.a.c.c.C.[Tomcat].[localhost].[/]       : Initializing Spring embedded WebApplicationContext
2024-09-05T14:49:13.447Z  INFO 9680 --- [GestCantineADA] [restartedMain] w.s.c.ServletWebServerApplicationContext : Root WebApplicationContext: initialization completed in 19354 ms
2024-09-05T14:49:15.768Z  INFO 9680 --- [GestCantineADA] [restartedMain] o.hibernate.jpa.internal.util.LogHelper  : HHH000204: Processing PersistenceUnitInfo [name: default]
2024-09-05T14:49:16.511Z  INFO 9680 --- [GestCantineADA] [restartedMain] org.hibernate.Version                    : HHH000412: Hibernate ORM core version 6.5.2.Final
2024-09-05T14:49:16.896Z  INFO 9680 --- [GestCantineADA] [restartedMain] o.h.c.internal.RegionFactoryInitiator    : HHH000026: Second-level cache disabled
2024-09-05T14:49:18.888Z  INFO 9680 --- [GestCantineADA] [restartedMain] o.s.o.j.p.SpringPersistenceUnitInfo      : No LoadTimeWeaver setup: ignoring JPA class transformer
2024-09-05T14:49:19.361Z  INFO 9680 --- [GestCantineADA] [restartedMain] com.zaxxer.hikari.HikariDataSource       : HikariPool-1 - Starting...
2024-09-05T14:49:22.496Z  INFO 9680 --- [GestCantineADA] [restartedMain] com.zaxxer.hikari.pool.HikariPool        : HikariPool-1 - Added connection com.mysql.cj.jdbc.ConnectionImpl@2222b63b
2024-09-05T14:49:22.511Z  INFO 9680 --- [GestCantineADA] [restartedMain] com.zaxxer.hikari.HikariDataSource       : HikariPool-1 - Start completed.
2024-09-05T14:49:22.936Z  WARN 9680 --- [GestCantineADA] [restartedMain] org.hibernate.orm.deprecation            : HHH90000025: MySQLDialect does not need to be specified explicitly using 'hibernate.dialect' (remove the property setting and it will be selected by default)
2024-09-05T14:49:25.599Z  INFO 9680 --- [GestCantineADA] [restartedMain] o.h.e.t.j.p.i.JtaPlatformInitiator       : HHH000489: No JTA platform available (set 'hibernate.transaction.jta.platform' to enable JTA platform integration)
2024-09-05T14:49:25.666Z  INFO 9680 --- [GestCantineADA] [restartedMain] j.LocalContainerEntityManagerFactoryBean : Initialized JPA EntityManagerFactory for persistence unit 'default'
2024-09-05T14:49:25.936Z  WARN 9680 --- [GestCantineADA] [restartedMain] JpaBaseConfiguration$JpaWebConfiguration : spring.jpa.open-in-view is enabled by default. Therefore, database queries may be performed during view rendering. Explicitly configure spring.jpa.open-in-view to disable this warning
2024-09-05T14:49:26.245Z  INFO 9680 --- [GestCantineADA] [restartedMain] o.s.b.a.w.s.WelcomePageHandlerMapping    : Adding welcome page template: index
2024-09-05T14:49:29.044Z  INFO 9680 --- [GestCantineADA] [restartedMain] o.s.b.d.a.OptionalLiveReloadServer       : LiveReload server is running on port 35729
2024-09-05T14:49:29.370Z  INFO 9680 --- [GestCantineADA] [restartedMain] o.s.b.w.embedded.tomcat.TomcatWebServer  : Tomcat started on port 8080 (http) with context path '/'
2024-09-05T14:49:29.420Z  INFO 9680 --- [GestCantineADA] [restartedMain] c.g.G.GestCantineAdaApplication          : Started GestCantineAdaApplication in 44.091 seconds (process running for 47.26)
2024-09-05T14:49:29.987Z  INFO 9680 --- [GestCantineADA] [http-nio-8080-exec-1] o.a.c.c.C.[Tomcat].[localhost].[/]       : Initializing Spring DispatcherServlet 'dispatcherServlet'
2024-09-05T14:49:29.988Z  INFO 9680 --- [GestCantineADA] [http-nio-8080-exec-1] o.s.web.servlet.DispatcherServlet        : Initializing Servlet 'dispatcherServlet'
2024-09-05T14:49:29.994Z  INFO 9680 --- [GestCantineADA] [http-nio-8080-exec-1] o.s.web.servlet.DispatcherServlet        : Completed initialization in 2 ms
2024-09-05T15:03:47.961Z  INFO 9680 --- [GestCantineADA] [File Watcher] rtingClassPathChangeChangedEventListener : Restarting due to 2 class path changes (2 additions, 0 deletions, 0 modifications)
2024-09-05T15:03:48.387Z  INFO 9680 --- [GestCantineADA] [Thread-5] j.LocalContainerEntityManagerFactoryBean : Closing JPA EntityManagerFactory for persistence unit 'default'
2024-09-05T15:03:48.432Z  INFO 9680 --- [GestCantineADA] [Thread-5] com.zaxxer.hikari.HikariDataSource       : HikariPool-1 - Shutdown initiated...
2024-09-05T15:03:48.474Z  INFO 9680 --- [GestCantineADA] [Thread-5] com.zaxxer.hikari.HikariDataSource       : HikariPool-1 - Shutdown completed.
2024-09-05T15:03:48.771Z  INFO 9680 --- [GestCantineADA] [restartedMain] c.g.G.GestCantineAdaApplication          : Starting GestCantineAdaApplication using Java 17.0.12 with PID 9680 (C:\Users\BINO BINO\Desktop\GestCantineADA\target\classes started by BINO BINO in C:\Users\BINO BINO\Desktop\GestCantineADA)
2024-09-05T15:03:48.772Z  INFO 9680 --- [GestCantineADA] [restartedMain] c.g.G.GestCantineAdaApplication          : No active profile set, falling back to 1 default profile: "default"
2024-09-05T15:03:49.621Z  INFO 9680 --- [GestCantineADA] [restartedMain] .s.d.r.c.RepositoryConfigurationDelegate : Bootstrapping Spring Data JPA repositories in DEFAULT mode.
2024-09-05T15:03:49.631Z  INFO 9680 --- [GestCantineADA] [restartedMain] .s.d.r.c.RepositoryConfigurationDelegate : Finished Spring Data repository scanning in 9 ms. Found 0 JPA repository interfaces.
2024-09-05T15:03:50.157Z  INFO 9680 --- [GestCantineADA] [restartedMain] o.s.b.w.embedded.tomcat.TomcatWebServer  : Tomcat initialized with port 8080 (http)
2024-09-05T15:03:50.159Z  INFO 9680 --- [GestCantineADA] [restartedMain] o.apache.catalina.core.StandardService   : Starting service [Tomcat]
2024-09-05T15:03:50.162Z  INFO 9680 --- [GestCantineADA] [restartedMain] o.apache.catalina.core.StandardEngine    : Starting Servlet engine: [Apache Tomcat/10.1.28]
2024-09-05T15:03:50.231Z  INFO 9680 --- [GestCantineADA] [restartedMain] o.a.c.c.C.[Tomcat].[localhost].[/]       : Initializing Spring embedded WebApplicationContext
2024-09-05T15:03:50.233Z  INFO 9680 --- [GestCantineADA] [restartedMain] w.s.c.ServletWebServerApplicationContext : Root WebApplicationContext: initialization completed in 1450 ms
2024-09-05T15:03:50.534Z  INFO 9680 --- [GestCantineADA] [restartedMain] o.hibernate.jpa.internal.util.LogHelper  : HHH000204: Processing PersistenceUnitInfo [name: default]
2024-09-05T15:03:50.578Z  INFO 9680 --- [GestCantineADA] [restartedMain] o.h.c.internal.RegionFactoryInitiator    : HHH000026: Second-level cache disabled
2024-09-05T15:03:50.670Z  INFO 9680 --- [GestCantineADA] [restartedMain] o.s.o.j.p.SpringPersistenceUnitInfo      : No LoadTimeWeaver setup: ignoring JPA class transformer
2024-09-05T15:03:50.679Z  INFO 9680 --- [GestCantineADA] [restartedMain] com.zaxxer.hikari.HikariDataSource       : HikariPool-2 - Starting...
2024-09-05T15:03:50.834Z  INFO 9680 --- [GestCantineADA] [restartedMain] com.zaxxer.hikari.pool.HikariPool        : HikariPool-2 - Added connection com.mysql.cj.jdbc.ConnectionImpl@4c4a47bc
2024-09-05T15:03:50.835Z  INFO 9680 --- [GestCantineADA] [restartedMain] com.zaxxer.hikari.HikariDataSource       : HikariPool-2 - Start completed.
2024-09-05T15:03:50.879Z  WARN 9680 --- [GestCantineADA] [restartedMain] org.hibernate.orm.deprecation            : HHH90000025: MySQLDialect does not need to be specified explicitly using 'hibernate.dialect' (remove the property setting and it will be selected by default)
2024-09-05T15:03:51.062Z  INFO 9680 --- [GestCantineADA] [restartedMain] o.h.e.t.j.p.i.JtaPlatformInitiator       : HHH000489: No JTA platform available (set 'hibernate.transaction.jta.platform' to enable JTA platform integration)
2024-09-05T15:03:51.063Z  INFO 9680 --- [GestCantineADA] [restartedMain] j.LocalContainerEntityManagerFactoryBean : Initialized JPA EntityManagerFactory for persistence unit 'default'
2024-09-05T15:03:51.158Z  WARN 9680 --- [GestCantineADA] [restartedMain] JpaBaseConfiguration$JpaWebConfiguration : spring.jpa.open-in-view is enabled by default. Therefore, database queries may be performed during view rendering. Explicitly configure spring.jpa.open-in-view to disable this warning
2024-09-05T15:03:51.296Z  INFO 9680 --- [GestCantineADA] [restartedMain] o.s.b.a.w.s.WelcomePageHandlerMapping    : Adding welcome page template: index
2024-09-05T15:03:52.369Z  INFO 9680 --- [GestCantineADA] [restartedMain] o.s.b.d.a.OptionalLiveReloadServer       : LiveReload server is running on port 35729
2024-09-05T15:03:52.400Z  INFO 9680 --- [GestCantineADA] [restartedMain] o.s.b.w.embedded.tomcat.TomcatWebServer  : Tomcat started on port 8080 (http) with context path '/'
2024-09-05T15:03:52.413Z  INFO 9680 --- [GestCantineADA] [restartedMain] c.g.G.GestCantineAdaApplication          : Started GestCantineAdaApplication in 3.771 seconds (process running for 910.253)
2024-09-05T15:03:52.422Z  INFO 9680 --- [GestCantineADA] [restartedMain] .ConditionEvaluationDeltaLoggingListener : Condition evaluation unchanged
2024-09-05T15:03:54.931Z  INFO 9680 --- [GestCantineADA] [http-nio-8080-exec-2] o.a.c.c.C.[Tomcat].[localhost].[/]       : Initializing Spring DispatcherServlet 'dispatcherServlet'
2024-09-05T15:03:54.932Z  INFO 9680 --- [GestCantineADA] [http-nio-8080-exec-2] o.s.web.servlet.DispatcherServlet        : Initializing Servlet 'dispatcherServlet'
2024-09-05T15:03:54.936Z  INFO 9680 --- [GestCantineADA] [http-nio-8080-exec-2] o.s.web.servlet.DispatcherServlet        : Completed initialization in 3 ms
2024-09-05T15:05:17.212Z  INFO 9680 --- [GestCantineADA] [File Watcher] rtingClassPathChangeChangedEventListener : Restarting due to 2 class path changes (0 additions, 2 deletions, 0 modifications)
2024-09-05T15:05:17.521Z  INFO 9680 --- [GestCantineADA] [Thread-7] j.LocalContainerEntityManagerFactoryBean : Closing JPA EntityManagerFactory for persistence unit 'default'
2024-09-05T15:05:17.523Z  INFO 9680 --- [GestCantineADA] [Thread-7] com.zaxxer.hikari.HikariDataSource       : HikariPool-2 - Shutdown initiated...
2024-09-05T15:05:17.538Z  INFO 9680 --- [GestCantineADA] [Thread-7] com.zaxxer.hikari.HikariDataSource       : HikariPool-2 - Shutdown completed.
2024-09-05T15:05:17.731Z  INFO 9680 --- [GestCantineADA] [restartedMain] c.g.G.GestCantineAdaApplication          : Starting GestCantineAdaApplication using Java 17.0.12 with PID 9680 (C:\Users\BINO BINO\Desktop\GestCantineADA\target\classes started by BINO BINO in C:\Users\BINO BINO\Desktop\GestCantineADA)
2024-09-05T15:05:17.733Z  INFO 9680 --- [GestCantineADA] [restartedMain] c.g.G.GestCantineAdaApplication          : No active profile set, falling back to 1 default profile: "default"
2024-09-05T15:05:18.363Z  INFO 9680 --- [GestCantineADA] [restartedMain] .s.d.r.c.RepositoryConfigurationDelegate : Bootstrapping Spring Data JPA repositories in DEFAULT mode.
2024-09-05T15:05:18.372Z  INFO 9680 --- [GestCantineADA] [restartedMain] .s.d.r.c.RepositoryConfigurationDelegate : Finished Spring Data repository scanning in 4 ms. Found 0 JPA repository interfaces.
2024-09-05T15:05:18.645Z  INFO 9680 --- [GestCantineADA] [restartedMain] o.s.b.w.embedded.tomcat.TomcatWebServer  : Tomcat initialized with port 8080 (http)
2024-09-05T15:05:18.647Z  INFO 9680 --- [GestCantineADA] [restartedMain] o.apache.catalina.core.StandardService   : Starting service [Tomcat]
2024-09-05T15:05:18.647Z  INFO 9680 --- [GestCantineADA] [restartedMain] o.apache.catalina.core.StandardEngine    : Starting Servlet engine: [Apache Tomcat/10.1.28]
2024-09-05T15:05:18.701Z  INFO 9680 --- [GestCantineADA] [restartedMain] o.a.c.c.C.[Tomcat].[localhost].[/]       : Initializing Spring embedded WebApplicationContext
2024-09-05T15:05:18.702Z  INFO 9680 --- [GestCantineADA] [restartedMain] w.s.c.ServletWebServerApplicationContext : Root WebApplicationContext: initialization completed in 961 ms
2024-09-05T15:05:18.790Z  INFO 9680 --- [GestCantineADA] [restartedMain] o.hibernate.jpa.internal.util.LogHelper  : HHH000204: Processing PersistenceUnitInfo [name: default]
2024-09-05T15:05:18.804Z  INFO 9680 --- [GestCantineADA] [restartedMain] o.h.c.internal.RegionFactoryInitiator    : HHH000026: Second-level cache disabled
2024-09-05T15:05:18.876Z  INFO 9680 --- [GestCantineADA] [restartedMain] o.s.o.j.p.SpringPersistenceUnitInfo      : No LoadTimeWeaver setup: ignoring JPA class transformer
2024-09-05T15:05:18.880Z  INFO 9680 --- [GestCantineADA] [restartedMain] com.zaxxer.hikari.HikariDataSource       : HikariPool-3 - Starting...
2024-09-05T15:05:18.922Z  INFO 9680 --- [GestCantineADA] [restartedMain] com.zaxxer.hikari.pool.HikariPool        : HikariPool-3 - Added connection com.mysql.cj.jdbc.ConnectionImpl@11ddb1f7
2024-09-05T15:05:18.923Z  INFO 9680 --- [GestCantineADA] [restartedMain] com.zaxxer.hikari.HikariDataSource       : HikariPool-3 - Start completed.
2024-09-05T15:05:18.934Z  WARN 9680 --- [GestCantineADA] [restartedMain] org.hibernate.orm.deprecation            : HHH90000025: MySQLDialect does not need to be specified explicitly using 'hibernate.dialect' (remove the property setting and it will be selected by default)
2024-09-05T15:05:18.980Z  INFO 9680 --- [GestCantineADA] [restartedMain] o.h.e.t.j.p.i.JtaPlatformInitiator       : HHH000489: No JTA platform available (set 'hibernate.transaction.jta.platform' to enable JTA platform integration)
2024-09-05T15:05:18.981Z  INFO 9680 --- [GestCantineADA] [restartedMain] j.LocalContainerEntityManagerFactoryBean : Initialized JPA EntityManagerFactory for persistence unit 'default'
2024-09-05T15:05:19.028Z  WARN 9680 --- [GestCantineADA] [restartedMain] JpaBaseConfiguration$JpaWebConfiguration : spring.jpa.open-in-view is enabled by default. Therefore, database queries may be performed during view rendering. Explicitly configure spring.jpa.open-in-view to disable this warning
2024-09-05T15:05:19.053Z  INFO 9680 --- [GestCantineADA] [restartedMain] o.s.b.a.w.s.WelcomePageHandlerMapping    : Adding welcome page template: index
2024-09-05T15:05:19.860Z  INFO 9680 --- [GestCantineADA] [restartedMain] o.s.b.d.a.OptionalLiveReloadServer       : LiveReload server is running on port 35729
2024-09-05T15:05:19.923Z  INFO 9680 --- [GestCantineADA] [restartedMain] o.s.b.w.embedded.tomcat.TomcatWebServer  : Tomcat started on port 8080 (http) with context path '/'
2024-09-05T15:05:19.936Z  INFO 9680 --- [GestCantineADA] [restartedMain] c.g.G.GestCantineAdaApplication          : Started GestCantineAdaApplication in 2.285 seconds (process running for 997.775)
2024-09-05T15:05:19.938Z  INFO 9680 --- [GestCantineADA] [restartedMain] .ConditionEvaluationDeltaLoggingListener : Condition evaluation unchanged
2024-09-05T15:05:26.077Z  INFO 9680 --- [GestCantineADA] [File Watcher] rtingClassPathChangeChangedEventListener : Restarting due to 2 class path changes (2 additions, 0 deletions, 0 modifications)
2024-09-05T15:05:26.440Z  INFO 9680 --- [GestCantineADA] [Thread-11] j.LocalContainerEntityManagerFactoryBean : Closing JPA EntityManagerFactory for persistence unit 'default'
2024-09-05T15:05:26.441Z  INFO 9680 --- [GestCantineADA] [Thread-11] com.zaxxer.hikari.HikariDataSource       : HikariPool-3 - Shutdown initiated...
2024-09-05T15:05:26.460Z  INFO 9680 --- [GestCantineADA] [Thread-11] com.zaxxer.hikari.HikariDataSource       : HikariPool-3 - Shutdown completed.
2024-09-05T15:05:27.163Z  INFO 9680 --- [GestCantineADA] [restartedMain] c.g.G.GestCantineAdaApplication          : Starting GestCantineAdaApplication using Java 17.0.12 with PID 9680 (C:\Users\BINO BINO\Desktop\GestCantineADA\target\classes started by BINO BINO in C:\Users\BINO BINO\Desktop\GestCantineADA)
2024-09-05T15:05:27.167Z  INFO 9680 --- [GestCantineADA] [restartedMain] c.g.G.GestCantineAdaApplication          : No active profile set, falling back to 1 default profile: "default"
2024-09-05T15:05:27.764Z  INFO 9680 --- [GestCantineADA] [restartedMain] .s.d.r.c.RepositoryConfigurationDelegate : Bootstrapping Spring Data JPA repositories in DEFAULT mode.
2024-09-05T15:05:27.775Z  INFO 9680 --- [GestCantineADA] [restartedMain] .s.d.r.c.RepositoryConfigurationDelegate : Finished Spring Data repository scanning in 9 ms. Found 0 JPA repository interfaces.
2024-09-05T15:05:28.223Z  INFO 9680 --- [GestCantineADA] [restartedMain] o.s.b.w.embedded.tomcat.TomcatWebServer  : Tomcat initialized with port 8080 (http)
2024-09-05T15:05:28.226Z  INFO 9680 --- [GestCantineADA] [restartedMain] o.apache.catalina.core.StandardService   : Starting service [Tomcat]
2024-09-05T15:05:28.227Z  INFO 9680 --- [GestCantineADA] [restartedMain] o.apache.catalina.core.StandardEngine    : Starting Servlet engine: [Apache Tomcat/10.1.28]
2024-09-05T15:05:28.357Z  INFO 9680 --- [GestCantineADA] [restartedMain] o.a.c.c.C.[Tomcat].[localhost].[/]       : Initializing Spring embedded WebApplicationContext
2024-09-05T15:05:28.364Z  INFO 9680 --- [GestCantineADA] [restartedMain] w.s.c.ServletWebServerApplicationContext : Root WebApplicationContext: initialization completed in 1188 ms
2024-09-05T15:05:28.551Z  INFO 9680 --- [GestCantineADA] [restartedMain] o.hibernate.jpa.internal.util.LogHelper  : HHH000204: Processing PersistenceUnitInfo [name: default]
2024-09-05T15:05:28.566Z  INFO 9680 --- [GestCantineADA] [restartedMain] o.h.c.internal.RegionFactoryInitiator    : HHH000026: Second-level cache disabled
2024-09-05T15:05:28.620Z  INFO 9680 --- [GestCantineADA] [restartedMain] o.s.o.j.p.SpringPersistenceUnitInfo      : No LoadTimeWeaver setup: ignoring JPA class transformer
2024-09-05T15:05:28.622Z  INFO 9680 --- [GestCantineADA] [restartedMain] com.zaxxer.hikari.HikariDataSource       : HikariPool-4 - Starting...
2024-09-05T15:05:28.710Z  INFO 9680 --- [GestCantineADA] [restartedMain] com.zaxxer.hikari.pool.HikariPool        : HikariPool-4 - Added connection com.mysql.cj.jdbc.ConnectionImpl@762019f6
2024-09-05T15:05:28.711Z  INFO 9680 --- [GestCantineADA] [restartedMain] com.zaxxer.hikari.HikariDataSource       : HikariPool-4 - Start completed.
2024-09-05T15:05:28.718Z  WARN 9680 --- [GestCantineADA] [restartedMain] org.hibernate.orm.deprecation            : HHH90000025: MySQLDialect does not need to be specified explicitly using 'hibernate.dialect' (remove the property setting and it will be selected by default)
2024-09-05T15:05:28.945Z  INFO 9680 --- [GestCantineADA] [restartedMain] o.h.e.t.j.p.i.JtaPlatformInitiator       : HHH000489: No JTA platform available (set 'hibernate.transaction.jta.platform' to enable JTA platform integration)
2024-09-05T15:05:28.946Z  INFO 9680 --- [GestCantineADA] [restartedMain] j.LocalContainerEntityManagerFactoryBean : Initialized JPA EntityManagerFactory for persistence unit 'default'
2024-09-05T15:05:29.108Z  WARN 9680 --- [GestCantineADA] [restartedMain] JpaBaseConfiguration$JpaWebConfiguration : spring.jpa.open-in-view is enabled by default. Therefore, database queries may be performed during view rendering. Explicitly configure spring.jpa.open-in-view to disable this warning
2024-09-05T15:05:29.225Z  INFO 9680 --- [GestCantineADA] [restartedMain] o.s.b.a.w.s.WelcomePageHandlerMapping    : Adding welcome page template: index
2024-09-05T15:05:30.057Z  INFO 9680 --- [GestCantineADA] [restartedMain] o.s.b.d.a.OptionalLiveReloadServer       : LiveReload server is running on port 35729
2024-09-05T15:05:30.158Z  INFO 9680 --- [GestCantineADA] [restartedMain] o.s.b.w.embedded.tomcat.TomcatWebServer  : Tomcat started on port 8080 (http) with context path '/'
2024-09-05T15:05:30.209Z  INFO 9680 --- [GestCantineADA] [restartedMain] c.g.G.GestCantineAdaApplication          : Started GestCantineAdaApplication in 3.621 seconds (process running for 1008.048)
2024-09-05T15:05:30.224Z  INFO 9680 --- [GestCantineADA] [restartedMain] .ConditionEvaluationDeltaLoggingListener : Condition evaluation unchanged
2024-09-05T15:05:33.606Z  INFO 9680 --- [GestCantineADA] [http-nio-8080-exec-1] o.a.c.c.C.[Tomcat].[localhost].[/]       : Initializing Spring DispatcherServlet 'dispatcherServlet'
2024-09-05T15:05:33.606Z  INFO 9680 --- [GestCantineADA] [http-nio-8080-exec-1] o.s.web.servlet.DispatcherServlet        : Initializing Servlet 'dispatcherServlet'
2024-09-05T15:05:33.608Z  INFO 9680 --- [GestCantineADA] [http-nio-8080-exec-1] o.s.web.servlet.DispatcherServlet        : Completed initialization in 1 ms
2024-09-05T15:07:28.038Z  INFO 9680 --- [GestCantineADA] [SpringApplicationShutdownHook] j.LocalContainerEntityManagerFactoryBean : Closing JPA EntityManagerFactory for persistence unit 'default'
2024-09-05T15:07:28.041Z  INFO 9680 --- [GestCantineADA] [SpringApplicationShutdownHook] com.zaxxer.hikari.HikariDataSource       : HikariPool-4 - Shutdown initiated...
2024-09-05T15:07:28.062Z  INFO 9680 --- [GestCantineADA] [SpringApplicationShutdownHook] com.zaxxer.hikari.HikariDataSource       : HikariPool-4 - Shutdown completed.
2024-09-05T15:10:07.723Z  INFO 16208 --- [GestCantineADA] [restartedMain] c.g.G.GestCantineAdaApplication          : Starting GestCantineAdaApplication using Java 17.0.12 with PID 16208 (C:\Users\BINO BINO\Desktop\GestCantineADA\target\classes started by BINO BINO in C:\Users\BINO BINO\Desktop\GestCantineADA)
2024-09-05T15:10:07.759Z  INFO 16208 --- [GestCantineADA] [restartedMain] c.g.G.GestCantineAdaApplication          : No active profile set, falling back to 1 default profile: "default"
2024-09-05T15:10:08.139Z  INFO 16208 --- [GestCantineADA] [restartedMain] .e.DevToolsPropertyDefaultsPostProcessor : Devtools property defaults active! Set 'spring.devtools.add-properties' to 'false' to disable
2024-09-05T15:10:08.140Z  INFO 16208 --- [GestCantineADA] [restartedMain] .e.DevToolsPropertyDefaultsPostProcessor : For additional web related logging consider setting the 'logging.level.web' property to 'DEBUG'
2024-09-05T15:10:11.186Z  INFO 16208 --- [GestCantineADA] [restartedMain] .s.d.r.c.RepositoryConfigurationDelegate : Bootstrapping Spring Data JPA repositories in DEFAULT mode.
2024-09-05T15:10:11.242Z  INFO 16208 --- [GestCantineADA] [restartedMain] .s.d.r.c.RepositoryConfigurationDelegate : Finished Spring Data repository scanning in 33 ms. Found 0 JPA repository interfaces.
2024-09-05T15:10:13.418Z  INFO 16208 --- [GestCantineADA] [restartedMain] o.s.b.w.embedded.tomcat.TomcatWebServer  : Tomcat initialized with port 8080 (http)
2024-09-05T15:10:13.459Z  INFO 16208 --- [GestCantineADA] [restartedMain] o.apache.catalina.core.StandardService   : Starting service [Tomcat]
2024-09-05T15:10:13.462Z  INFO 16208 --- [GestCantineADA] [restartedMain] o.apache.catalina.core.StandardEngine    : Starting Servlet engine: [Apache Tomcat/10.1.28]
2024-09-05T15:10:13.720Z  INFO 16208 --- [GestCantineADA] [restartedMain] o.a.c.c.C.[Tomcat].[localhost].[/]       : Initializing Spring embedded WebApplicationContext
2024-09-05T15:10:13.723Z  INFO 16208 --- [GestCantineADA] [restartedMain] w.s.c.ServletWebServerApplicationContext : Root WebApplicationContext: initialization completed in 5580 ms
2024-09-05T15:10:14.319Z  INFO 16208 --- [GestCantineADA] [restartedMain] o.hibernate.jpa.internal.util.LogHelper  : HHH000204: Processing PersistenceUnitInfo [name: default]
2024-09-05T15:10:14.462Z  INFO 16208 --- [GestCantineADA] [restartedMain] org.hibernate.Version                    : HHH000412: Hibernate ORM core version 6.5.2.Final
2024-09-05T15:10:14.588Z  INFO 16208 --- [GestCantineADA] [restartedMain] o.h.c.internal.RegionFactoryInitiator    : HHH000026: Second-level cache disabled
2024-09-05T15:10:15.455Z  INFO 16208 --- [GestCantineADA] [restartedMain] o.s.o.j.p.SpringPersistenceUnitInfo      : No LoadTimeWeaver setup: ignoring JPA class transformer
2024-09-05T15:10:15.740Z  INFO 16208 --- [GestCantineADA] [restartedMain] com.zaxxer.hikari.HikariDataSource       : HikariPool-1 - Starting...
2024-09-05T15:10:16.593Z  INFO 16208 --- [GestCantineADA] [restartedMain] com.zaxxer.hikari.pool.HikariPool        : HikariPool-1 - Added connection com.mysql.cj.jdbc.ConnectionImpl@4a49f14c
2024-09-05T15:10:16.599Z  INFO 16208 --- [GestCantineADA] [restartedMain] com.zaxxer.hikari.HikariDataSource       : HikariPool-1 - Start completed.
2024-09-05T15:10:16.880Z  WARN 16208 --- [GestCantineADA] [restartedMain] org.hibernate.orm.deprecation            : HHH90000025: MySQLDialect does not need to be specified explicitly using 'hibernate.dialect' (remove the property setting and it will be selected by default)
2024-09-05T15:10:18.320Z  INFO 16208 --- [GestCantineADA] [restartedMain] o.h.e.t.j.p.i.JtaPlatformInitiator       : HHH000489: No JTA platform available (set 'hibernate.transaction.jta.platform' to enable JTA platform integration)
2024-09-05T15:10:18.334Z  INFO 16208 --- [GestCantineADA] [restartedMain] j.LocalContainerEntityManagerFactoryBean : Initialized JPA EntityManagerFactory for persistence unit 'default'
2024-09-05T15:10:18.521Z  WARN 16208 --- [GestCantineADA] [restartedMain] JpaBaseConfiguration$JpaWebConfiguration : spring.jpa.open-in-view is enabled by default. Therefore, database queries may be performed during view rendering. Explicitly configure spring.jpa.open-in-view to disable this warning
2024-09-05T15:10:18.664Z  INFO 16208 --- [GestCantineADA] [restartedMain] o.s.b.a.w.s.WelcomePageHandlerMapping    : Adding welcome page template: index
2024-09-05T15:10:20.244Z  INFO 16208 --- [GestCantineADA] [restartedMain] o.s.b.d.a.OptionalLiveReloadServer       : LiveReload server is running on port 35729
2024-09-05T15:10:20.516Z  INFO 16208 --- [GestCantineADA] [restartedMain] o.s.b.w.embedded.tomcat.TomcatWebServer  : Tomcat started on port 8080 (http) with context path '/'
2024-09-05T15:10:20.575Z  INFO 16208 --- [GestCantineADA] [restartedMain] c.g.G.GestCantineAdaApplication          : Started GestCantineAdaApplication in 14.28 seconds (process running for 15.604)
2024-09-05T15:10:30.157Z  INFO 16208 --- [GestCantineADA] [http-nio-8080-exec-1] o.a.c.c.C.[Tomcat].[localhost].[/]       : Initializing Spring DispatcherServlet 'dispatcherServlet'
2024-09-05T15:10:30.158Z  INFO 16208 --- [GestCantineADA] [http-nio-8080-exec-1] o.s.web.servlet.DispatcherServlet        : Initializing Servlet 'dispatcherServlet'
2024-09-05T15:10:30.162Z  INFO 16208 --- [GestCantineADA] [http-nio-8080-exec-1] o.s.web.servlet.DispatcherServlet        : Completed initialization in 3 ms
2024-09-05T15:20:19.855Z  INFO 16208 --- [GestCantineADA] [File Watcher] rtingClassPathChangeChangedEventListener : Restarting due to 2 class path changes (0 additions, 2 deletions, 0 modifications)
2024-09-05T15:20:20.214Z  INFO 16208 --- [GestCantineADA] [Thread-5] j.LocalContainerEntityManagerFactoryBean : Closing JPA EntityManagerFactory for persistence unit 'default'
2024-09-05T15:20:20.222Z  INFO 16208 --- [GestCantineADA] [Thread-5] com.zaxxer.hikari.HikariDataSource       : HikariPool-1 - Shutdown initiated...
2024-09-05T15:20:20.261Z  INFO 16208 --- [GestCantineADA] [Thread-5] com.zaxxer.hikari.HikariDataSource       : HikariPool-1 - Shutdown completed.
2024-09-05T15:20:20.588Z  INFO 16208 --- [GestCantineADA] [restartedMain] c.g.G.GestCantineAdaApplication          : Starting GestCantineAdaApplication using Java 17.0.12 with PID 16208 (C:\Users\BINO BINO\Desktop\GestCantineADA\target\classes started by BINO BINO in C:\Users\BINO BINO\Desktop\GestCantineADA)
2024-09-05T15:20:20.591Z  INFO 16208 --- [GestCantineADA] [restartedMain] c.g.G.GestCantineAdaApplication          : No active profile set, falling back to 1 default profile: "default"
2024-09-05T15:20:21.244Z  INFO 16208 --- [GestCantineADA] [restartedMain] .s.d.r.c.RepositoryConfigurationDelegate : Bootstrapping Spring Data JPA repositories in DEFAULT mode.
2024-09-05T15:20:21.251Z  INFO 16208 --- [GestCantineADA] [restartedMain] .s.d.r.c.RepositoryConfigurationDelegate : Finished Spring Data repository scanning in 6 ms. Found 0 JPA repository interfaces.
2024-09-05T15:20:21.665Z  INFO 16208 --- [GestCantineADA] [restartedMain] o.s.b.w.embedded.tomcat.TomcatWebServer  : Tomcat initialized with port 8080 (http)
2024-09-05T15:20:21.667Z  INFO 16208 --- [GestCantineADA] [restartedMain] o.apache.catalina.core.StandardService   : Starting service [Tomcat]
2024-09-05T15:20:21.669Z  INFO 16208 --- [GestCantineADA] [restartedMain] o.apache.catalina.core.StandardEngine    : Starting Servlet engine: [Apache Tomcat/10.1.28]
2024-09-05T15:20:21.750Z  INFO 16208 --- [GestCantineADA] [restartedMain] o.a.c.c.C.[Tomcat].[localhost].[/]       : Initializing Spring embedded WebApplicationContext
2024-09-05T15:20:21.751Z  INFO 16208 --- [GestCantineADA] [restartedMain] w.s.c.ServletWebServerApplicationContext : Root WebApplicationContext: initialization completed in 1148 ms
2024-09-05T15:20:21.849Z  INFO 16208 --- [GestCantineADA] [restartedMain] o.hibernate.jpa.internal.util.LogHelper  : HHH000204: Processing PersistenceUnitInfo [name: default]
2024-09-05T15:20:21.859Z  INFO 16208 --- [GestCantineADA] [restartedMain] o.h.c.internal.RegionFactoryInitiator    : HHH000026: Second-level cache disabled
2024-09-05T15:20:21.941Z  INFO 16208 --- [GestCantineADA] [restartedMain] o.s.o.j.p.SpringPersistenceUnitInfo      : No LoadTimeWeaver setup: ignoring JPA class transformer
2024-09-05T15:20:21.945Z  INFO 16208 --- [GestCantineADA] [restartedMain] com.zaxxer.hikari.HikariDataSource       : HikariPool-2 - Starting...
2024-09-05T15:20:22.002Z  INFO 16208 --- [GestCantineADA] [restartedMain] com.zaxxer.hikari.pool.HikariPool        : HikariPool-2 - Added connection com.mysql.cj.jdbc.ConnectionImpl@7109fc7b
2024-09-05T15:20:22.003Z  INFO 16208 --- [GestCantineADA] [restartedMain] com.zaxxer.hikari.HikariDataSource       : HikariPool-2 - Start completed.
2024-09-05T15:20:22.010Z  WARN 16208 --- [GestCantineADA] [restartedMain] org.hibernate.orm.deprecation            : HHH90000025: MySQLDialect does not need to be specified explicitly using 'hibernate.dialect' (remove the property setting and it will be selected by default)
2024-09-05T15:20:22.073Z  INFO 16208 --- [GestCantineADA] [restartedMain] o.h.e.t.j.p.i.JtaPlatformInitiator       : HHH000489: No JTA platform available (set 'hibernate.transaction.jta.platform' to enable JTA platform integration)
2024-09-05T15:20:22.076Z  INFO 16208 --- [GestCantineADA] [restartedMain] j.LocalContainerEntityManagerFactoryBean : Initialized JPA EntityManagerFactory for persistence unit 'default'
2024-09-05T15:20:22.269Z  WARN 16208 --- [GestCantineADA] [restartedMain] JpaBaseConfiguration$JpaWebConfiguration : spring.jpa.open-in-view is enabled by default. Therefore, database queries may be performed during view rendering. Explicitly configure spring.jpa.open-in-view to disable this warning
2024-09-05T15:20:22.290Z  INFO 16208 --- [GestCantineADA] [restartedMain] o.s.b.a.w.s.WelcomePageHandlerMapping    : Adding welcome page template: index
2024-09-05T15:20:22.953Z  INFO 16208 --- [GestCantineADA] [restartedMain] o.s.b.d.a.OptionalLiveReloadServer       : LiveReload server is running on port 35729
2024-09-05T15:20:22.976Z  INFO 16208 --- [GestCantineADA] [restartedMain] o.s.b.w.embedded.tomcat.TomcatWebServer  : Tomcat started on port 8080 (http) with context path '/'
2024-09-05T15:20:22.991Z  INFO 16208 --- [GestCantineADA] [restartedMain] c.g.G.GestCantineAdaApplication          : Started GestCantineAdaApplication in 2.544 seconds (process running for 618.02)
2024-09-05T15:20:22.997Z  INFO 16208 --- [GestCantineADA] [restartedMain] .ConditionEvaluationDeltaLoggingListener : Condition evaluation unchanged
2024-09-05T15:20:27.748Z  INFO 16208 --- [GestCantineADA] [File Watcher] rtingClassPathChangeChangedEventListener : Restarting due to 2 class path changes (2 additions, 0 deletions, 0 modifications)
2024-09-05T15:20:28.184Z  INFO 16208 --- [GestCantineADA] [Thread-7] j.LocalContainerEntityManagerFactoryBean : Closing JPA EntityManagerFactory for persistence unit 'default'
2024-09-05T15:20:28.190Z  INFO 16208 --- [GestCantineADA] [Thread-7] com.zaxxer.hikari.HikariDataSource       : HikariPool-2 - Shutdown initiated...
2024-09-05T15:20:28.230Z  INFO 16208 --- [GestCantineADA] [Thread-7] com.zaxxer.hikari.HikariDataSource       : HikariPool-2 - Shutdown completed.
2024-09-05T15:20:29.489Z  INFO 16208 --- [GestCantineADA] [restartedMain] c.g.G.GestCantineAdaApplication          : Starting GestCantineAdaApplication using Java 17.0.12 with PID 16208 (C:\Users\BINO BINO\Desktop\GestCantineADA\target\classes started by BINO BINO in C:\Users\BINO BINO\Desktop\GestCantineADA)
2024-09-05T15:20:29.490Z  INFO 16208 --- [GestCantineADA] [restartedMain] c.g.G.GestCantineAdaApplication          : No active profile set, falling back to 1 default profile: "default"
2024-09-05T15:20:30.357Z  INFO 16208 --- [GestCantineADA] [restartedMain] .s.d.r.c.RepositoryConfigurationDelegate : Bootstrapping Spring Data JPA repositories in DEFAULT mode.
2024-09-05T15:20:30.375Z  INFO 16208 --- [GestCantineADA] [restartedMain] .s.d.r.c.RepositoryConfigurationDelegate : Finished Spring Data repository scanning in 8 ms. Found 0 JPA repository interfaces.
2024-09-05T15:20:31.024Z  INFO 16208 --- [GestCantineADA] [restartedMain] o.s.b.w.embedded.tomcat.TomcatWebServer  : Tomcat initialized with port 8080 (http)
2024-09-05T15:20:31.026Z  INFO 16208 --- [GestCantineADA] [restartedMain] o.apache.catalina.core.StandardService   : Starting service [Tomcat]
2024-09-05T15:20:31.031Z  INFO 16208 --- [GestCantineADA] [restartedMain] o.apache.catalina.core.StandardEngine    : Starting Servlet engine: [Apache Tomcat/10.1.28]
2024-09-05T15:20:31.105Z  INFO 16208 --- [GestCantineADA] [restartedMain] o.a.c.c.C.[Tomcat].[localhost].[/]       : Initializing Spring embedded WebApplicationContext
2024-09-05T15:20:31.106Z  INFO 16208 --- [GestCantineADA] [restartedMain] w.s.c.ServletWebServerApplicationContext : Root WebApplicationContext: initialization completed in 1601 ms
2024-09-05T15:20:31.210Z  INFO 16208 --- [GestCantineADA] [restartedMain] o.hibernate.jpa.internal.util.LogHelper  : HHH000204: Processing PersistenceUnitInfo [name: default]
2024-09-05T15:20:31.239Z  INFO 16208 --- [GestCantineADA] [restartedMain] o.h.c.internal.RegionFactoryInitiator    : HHH000026: Second-level cache disabled
2024-09-05T15:20:31.280Z  INFO 16208 --- [GestCantineADA] [restartedMain] o.s.o.j.p.SpringPersistenceUnitInfo      : No LoadTimeWeaver setup: ignoring JPA class transformer
2024-09-05T15:20:31.284Z  INFO 16208 --- [GestCantineADA] [restartedMain] com.zaxxer.hikari.HikariDataSource       : HikariPool-3 - Starting...
2024-09-05T15:20:31.344Z  INFO 16208 --- [GestCantineADA] [restartedMain] com.zaxxer.hikari.pool.HikariPool        : HikariPool-3 - Added connection com.mysql.cj.jdbc.ConnectionImpl@11c0c39a
2024-09-05T15:20:31.344Z  INFO 16208 --- [GestCantineADA] [restartedMain] com.zaxxer.hikari.HikariDataSource       : HikariPool-3 - Start completed.
2024-09-05T15:20:31.349Z  WARN 16208 --- [GestCantineADA] [restartedMain] org.hibernate.orm.deprecation            : HHH90000025: MySQLDialect does not need to be specified explicitly using 'hibernate.dialect' (remove the property setting and it will be selected by default)
2024-09-05T15:20:31.424Z  INFO 16208 --- [GestCantineADA] [restartedMain] o.h.e.t.j.p.i.JtaPlatformInitiator       : HHH000489: No JTA platform available (set 'hibernate.transaction.jta.platform' to enable JTA platform integration)
2024-09-05T15:20:31.426Z  INFO 16208 --- [GestCantineADA] [restartedMain] j.LocalContainerEntityManagerFactoryBean : Initialized JPA EntityManagerFactory for persistence unit 'default'
2024-09-05T15:20:31.517Z  WARN 16208 --- [GestCantineADA] [restartedMain] JpaBaseConfiguration$JpaWebConfiguration : spring.jpa.open-in-view is enabled by default. Therefore, database queries may be performed during view rendering. Explicitly configure spring.jpa.open-in-view to disable this warning
2024-09-05T15:20:31.536Z  INFO 16208 --- [GestCantineADA] [restartedMain] o.s.b.a.w.s.WelcomePageHandlerMapping    : Adding welcome page template: index
2024-09-05T15:20:32.358Z  INFO 16208 --- [GestCantineADA] [restartedMain] o.s.b.d.a.OptionalLiveReloadServer       : LiveReload server is running on port 35729
2024-09-05T15:20:32.743Z  INFO 16208 --- [GestCantineADA] [restartedMain] o.s.b.w.embedded.tomcat.TomcatWebServer  : Tomcat started on port 8080 (http) with context path '/'
2024-09-05T15:20:32.753Z  INFO 16208 --- [GestCantineADA] [restartedMain] c.g.G.GestCantineAdaApplication          : Started GestCantineAdaApplication in 3.843 seconds (process running for 627.782)
2024-09-05T15:20:32.758Z  INFO 16208 --- [GestCantineADA] [restartedMain] .ConditionEvaluationDeltaLoggingListener : Condition evaluation unchanged
2024-09-05T15:20:52.892Z  INFO 16208 --- [GestCantineADA] [http-nio-8080-exec-1] o.a.c.c.C.[Tomcat].[localhost].[/]       : Initializing Spring DispatcherServlet 'dispatcherServlet'
2024-09-05T15:20:52.893Z  INFO 16208 --- [GestCantineADA] [http-nio-8080-exec-1] o.s.web.servlet.DispatcherServlet        : Initializing Servlet 'dispatcherServlet'
2024-09-05T15:20:52.896Z  INFO 16208 --- [GestCantineADA] [http-nio-8080-exec-1] o.s.web.servlet.DispatcherServlet        : Completed initialization in 3 ms
2024-09-05T15:22:11.097Z  INFO 16208 --- [GestCantineADA] [File Watcher] rtingClassPathChangeChangedEventListener : Restarting due to 3 class path changes (0 additions, 2 deletions, 1 modification)
2024-09-05T15:22:11.432Z  INFO 16208 --- [GestCantineADA] [Thread-11] j.LocalContainerEntityManagerFactoryBean : Closing JPA EntityManagerFactory for persistence unit 'default'
2024-09-05T15:22:11.434Z  INFO 16208 --- [GestCantineADA] [Thread-11] com.zaxxer.hikari.HikariDataSource       : HikariPool-3 - Shutdown initiated...
2024-09-05T15:22:11.462Z  INFO 16208 --- [GestCantineADA] [Thread-11] com.zaxxer.hikari.HikariDataSource       : HikariPool-3 - Shutdown completed.
2024-09-05T15:22:11.719Z  INFO 16208 --- [GestCantineADA] [restartedMain] c.g.G.GestCantineAdaApplication          : Starting GestCantineAdaApplication using Java 17.0.12 with PID 16208 (C:\Users\BINO BINO\Desktop\GestCantineADA\target\classes started by BINO BINO in C:\Users\BINO BINO\Desktop\GestCantineADA)
2024-09-05T15:22:11.720Z  INFO 16208 --- [GestCantineADA] [restartedMain] c.g.G.GestCantineAdaApplication          : No active profile set, falling back to 1 default profile: "default"
2024-09-05T15:22:12.491Z  INFO 16208 --- [GestCantineADA] [restartedMain] .s.d.r.c.RepositoryConfigurationDelegate : Bootstrapping Spring Data JPA repositories in DEFAULT mode.
2024-09-05T15:22:12.496Z  INFO 16208 --- [GestCantineADA] [restartedMain] .s.d.r.c.RepositoryConfigurationDelegate : Finished Spring Data repository scanning in 3 ms. Found 0 JPA repository interfaces.
2024-09-05T15:22:13.644Z  INFO 16208 --- [GestCantineADA] [restartedMain] o.s.b.w.embedded.tomcat.TomcatWebServer  : Tomcat initialized with port 8080 (http)
2024-09-05T15:22:13.646Z  INFO 16208 --- [GestCantineADA] [restartedMain] o.apache.catalina.core.StandardService   : Starting service [Tomcat]
2024-09-05T15:22:13.648Z  INFO 16208 --- [GestCantineADA] [restartedMain] o.apache.catalina.core.StandardEngine    : Starting Servlet engine: [Apache Tomcat/10.1.28]
2024-09-05T15:22:13.767Z  INFO 16208 --- [GestCantineADA] [restartedMain] o.a.c.c.C.[Tomcat].[localhost].[/]       : Initializing Spring embedded WebApplicationContext
2024-09-05T15:22:13.769Z  INFO 16208 --- [GestCantineADA] [restartedMain] w.s.c.ServletWebServerApplicationContext : Root WebApplicationContext: initialization completed in 2041 ms
2024-09-05T15:22:13.887Z  INFO 16208 --- [GestCantineADA] [restartedMain] o.hibernate.jpa.internal.util.LogHelper  : HHH000204: Processing PersistenceUnitInfo [name: default]
2024-09-05T15:22:13.897Z  INFO 16208 --- [GestCantineADA] [restartedMain] o.h.c.internal.RegionFactoryInitiator    : HHH000026: Second-level cache disabled
2024-09-05T15:22:13.937Z  INFO 16208 --- [GestCantineADA] [restartedMain] o.s.o.j.p.SpringPersistenceUnitInfo      : No LoadTimeWeaver setup: ignoring JPA class transformer
2024-09-05T15:22:13.940Z  INFO 16208 --- [GestCantineADA] [restartedMain] com.zaxxer.hikari.HikariDataSource       : HikariPool-4 - Starting...
2024-09-05T15:22:13.989Z  INFO 16208 --- [GestCantineADA] [restartedMain] com.zaxxer.hikari.pool.HikariPool        : HikariPool-4 - Added connection com.mysql.cj.jdbc.ConnectionImpl@1f0b3020
2024-09-05T15:22:13.989Z  INFO 16208 --- [GestCantineADA] [restartedMain] com.zaxxer.hikari.HikariDataSource       : HikariPool-4 - Start completed.
2024-09-05T15:22:13.995Z  WARN 16208 --- [GestCantineADA] [restartedMain] org.hibernate.orm.deprecation            : HHH90000025: MySQLDialect does not need to be specified explicitly using 'hibernate.dialect' (remove the property setting and it will be selected by default)
2024-09-05T15:22:14.866Z  INFO 16208 --- [GestCantineADA] [restartedMain] o.h.e.t.j.p.i.JtaPlatformInitiator       : HHH000489: No JTA platform available (set 'hibernate.transaction.jta.platform' to enable JTA platform integration)
2024-09-05T15:22:14.867Z  INFO 16208 --- [GestCantineADA] [restartedMain] j.LocalContainerEntityManagerFactoryBean : Initialized JPA EntityManagerFactory for persistence unit 'default'
2024-09-05T15:22:14.961Z  WARN 16208 --- [GestCantineADA] [restartedMain] JpaBaseConfiguration$JpaWebConfiguration : spring.jpa.open-in-view is enabled by default. Therefore, database queries may be performed during view rendering. Explicitly configure spring.jpa.open-in-view to disable this warning
2024-09-05T15:22:15.026Z  INFO 16208 --- [GestCantineADA] [restartedMain] o.s.b.a.w.s.WelcomePageHandlerMapping    : Adding welcome page template: index
2024-09-05T15:22:16.387Z  INFO 16208 --- [GestCantineADA] [restartedMain] o.s.b.d.a.OptionalLiveReloadServer       : LiveReload server is running on port 35729
2024-09-05T15:22:16.516Z  INFO 16208 --- [GestCantineADA] [restartedMain] o.s.b.w.embedded.tomcat.TomcatWebServer  : Tomcat started on port 8080 (http) with context path '/'
2024-09-05T15:22:16.537Z  INFO 16208 --- [GestCantineADA] [restartedMain] c.g.G.GestCantineAdaApplication          : Started GestCantineAdaApplication in 4.953 seconds (process running for 731.565)
2024-09-05T15:22:16.542Z  INFO 16208 --- [GestCantineADA] [restartedMain] .ConditionEvaluationDeltaLoggingListener : Condition evaluation unchanged
2024-09-05T15:22:22.505Z  INFO 16208 --- [GestCantineADA] [File Watcher] rtingClassPathChangeChangedEventListener : Restarting due to 2 class path changes (2 additions, 0 deletions, 0 modifications)
2024-09-05T15:22:23.014Z  INFO 16208 --- [GestCantineADA] [Thread-15] j.LocalContainerEntityManagerFactoryBean : Closing JPA EntityManagerFactory for persistence unit 'default'
2024-09-05T15:22:23.034Z  INFO 16208 --- [GestCantineADA] [Thread-15] com.zaxxer.hikari.HikariDataSource       : HikariPool-4 - Shutdown initiated...
2024-09-05T15:22:23.162Z  INFO 16208 --- [GestCantineADA] [Thread-15] com.zaxxer.hikari.HikariDataSource       : HikariPool-4 - Shutdown completed.
2024-09-05T15:22:23.619Z  INFO 16208 --- [GestCantineADA] [restartedMain] c.g.G.GestCantineAdaApplication          : Starting GestCantineAdaApplication using Java 17.0.12 with PID 16208 (C:\Users\BINO BINO\Desktop\GestCantineADA\target\classes started by BINO BINO in C:\Users\BINO BINO\Desktop\GestCantineADA)
2024-09-05T15:22:23.620Z  INFO 16208 --- [GestCantineADA] [restartedMain] c.g.G.GestCantineAdaApplication          : No active profile set, falling back to 1 default profile: "default"
2024-09-05T15:22:25.232Z  INFO 16208 --- [GestCantineADA] [restartedMain] .s.d.r.c.RepositoryConfigurationDelegate : Bootstrapping Spring Data JPA repositories in DEFAULT mode.
2024-09-05T15:22:25.240Z  INFO 16208 --- [GestCantineADA] [restartedMain] .s.d.r.c.RepositoryConfigurationDelegate : Finished Spring Data repository scanning in 5 ms. Found 0 JPA repository interfaces.
2024-09-05T15:22:25.552Z  INFO 16208 --- [GestCantineADA] [restartedMain] o.s.b.w.embedded.tomcat.TomcatWebServer  : Tomcat initialized with port 8080 (http)
2024-09-05T15:22:25.557Z  INFO 16208 --- [GestCantineADA] [restartedMain] o.apache.catalina.core.StandardService   : Starting service [Tomcat]
2024-09-05T15:22:25.558Z  INFO 16208 --- [GestCantineADA] [restartedMain] o.apache.catalina.core.StandardEngine    : Starting Servlet engine: [Apache Tomcat/10.1.28]
2024-09-05T15:22:25.697Z  INFO 16208 --- [GestCantineADA] [restartedMain] o.a.c.c.C.[Tomcat].[localhost].[/]       : Initializing Spring embedded WebApplicationContext
2024-09-05T15:22:25.705Z  INFO 16208 --- [GestCantineADA] [restartedMain] w.s.c.ServletWebServerApplicationContext : Root WebApplicationContext: initialization completed in 2074 ms
2024-09-05T15:22:25.935Z  INFO 16208 --- [GestCantineADA] [restartedMain] o.hibernate.jpa.internal.util.LogHelper  : HHH000204: Processing PersistenceUnitInfo [name: default]
2024-09-05T15:22:25.956Z  INFO 16208 --- [GestCantineADA] [restartedMain] o.h.c.internal.RegionFactoryInitiator    : HHH000026: Second-level cache disabled
2024-09-05T15:22:26.007Z  INFO 16208 --- [GestCantineADA] [restartedMain] o.s.o.j.p.SpringPersistenceUnitInfo      : No LoadTimeWeaver setup: ignoring JPA class transformer
2024-09-05T15:22:26.015Z  INFO 16208 --- [GestCantineADA] [restartedMain] com.zaxxer.hikari.HikariDataSource       : HikariPool-5 - Starting...
2024-09-05T15:22:26.079Z  INFO 16208 --- [GestCantineADA] [restartedMain] com.zaxxer.hikari.pool.HikariPool        : HikariPool-5 - Added connection com.mysql.cj.jdbc.ConnectionImpl@19ba3195
2024-09-05T15:22:26.080Z  INFO 16208 --- [GestCantineADA] [restartedMain] com.zaxxer.hikari.HikariDataSource       : HikariPool-5 - Start completed.
2024-09-05T15:22:26.090Z  WARN 16208 --- [GestCantineADA] [restartedMain] org.hibernate.orm.deprecation            : HHH90000025: MySQLDialect does not need to be specified explicitly using 'hibernate.dialect' (remove the property setting and it will be selected by default)
2024-09-05T15:22:26.212Z  INFO 16208 --- [GestCantineADA] [restartedMain] o.h.e.t.j.p.i.JtaPlatformInitiator       : HHH000489: No JTA platform available (set 'hibernate.transaction.jta.platform' to enable JTA platform integration)
2024-09-05T15:22:26.213Z  INFO 16208 --- [GestCantineADA] [restartedMain] j.LocalContainerEntityManagerFactoryBean : Initialized JPA EntityManagerFactory for persistence unit 'default'
2024-09-05T15:22:27.390Z  WARN 16208 --- [GestCantineADA] [restartedMain] JpaBaseConfiguration$JpaWebConfiguration : spring.jpa.open-in-view is enabled by default. Therefore, database queries may be performed during view rendering. Explicitly configure spring.jpa.open-in-view to disable this warning
2024-09-05T15:22:27.409Z  INFO 16208 --- [GestCantineADA] [restartedMain] o.s.b.a.w.s.WelcomePageHandlerMapping    : Adding welcome page template: index
2024-09-05T15:22:28.878Z  INFO 16208 --- [GestCantineADA] [restartedMain] o.s.b.d.a.OptionalLiveReloadServer       : LiveReload server is running on port 35729
2024-09-05T15:22:28.916Z  INFO 16208 --- [GestCantineADA] [restartedMain] o.s.b.w.embedded.tomcat.TomcatWebServer  : Tomcat started on port 8080 (http) with context path '/'
2024-09-05T15:22:28.928Z  INFO 16208 --- [GestCantineADA] [restartedMain] c.g.G.GestCantineAdaApplication          : Started GestCantineAdaApplication in 5.638 seconds (process running for 743.957)
2024-09-05T15:22:28.932Z  INFO 16208 --- [GestCantineADA] [restartedMain] .ConditionEvaluationDeltaLoggingListener : Condition evaluation unchanged
2024-09-05T15:22:47.969Z  INFO 16208 --- [GestCantineADA] [http-nio-8080-exec-1] o.a.c.c.C.[Tomcat].[localhost].[/]       : Initializing Spring DispatcherServlet 'dispatcherServlet'
2024-09-05T15:22:47.969Z  INFO 16208 --- [GestCantineADA] [http-nio-8080-exec-1] o.s.web.servlet.DispatcherServlet        : Initializing Servlet 'dispatcherServlet'
2024-09-05T15:22:47.970Z  INFO 16208 --- [GestCantineADA] [http-nio-8080-exec-1] o.s.web.servlet.DispatcherServlet        : Completed initialization in 1 ms
2024-09-05T15:25:17.693Z  INFO 16208 --- [GestCantineADA] [File Watcher] rtingClassPathChangeChangedEventListener : Restarting due to 2 class path changes (0 additions, 2 deletions, 0 modifications)
2024-09-05T15:25:17.993Z  INFO 16208 --- [GestCantineADA] [Thread-19] j.LocalContainerEntityManagerFactoryBean : Closing JPA EntityManagerFactory for persistence unit 'default'
2024-09-05T15:25:17.995Z  INFO 16208 --- [GestCantineADA] [Thread-19] com.zaxxer.hikari.HikariDataSource       : HikariPool-5 - Shutdown initiated...
2024-09-05T15:25:18.016Z  INFO 16208 --- [GestCantineADA] [Thread-19] com.zaxxer.hikari.HikariDataSource       : HikariPool-5 - Shutdown completed.
2024-09-05T15:25:18.215Z  INFO 16208 --- [GestCantineADA] [restartedMain] c.g.G.GestCantineAdaApplication          : Starting GestCantineAdaApplication using Java 17.0.12 with PID 16208 (C:\Users\BINO BINO\Desktop\GestCantineADA\target\classes started by BINO BINO in C:\Users\BINO BINO\Desktop\GestCantineADA)
2024-09-05T15:25:18.217Z  INFO 16208 --- [GestCantineADA] [restartedMain] c.g.G.GestCantineAdaApplication          : No active profile set, falling back to 1 default profile: "default"
2024-09-05T15:25:18.613Z  INFO 16208 --- [GestCantineADA] [restartedMain] .s.d.r.c.RepositoryConfigurationDelegate : Bootstrapping Spring Data JPA repositories in DEFAULT mode.
2024-09-05T15:25:18.617Z  INFO 16208 --- [GestCantineADA] [restartedMain] .s.d.r.c.RepositoryConfigurationDelegate : Finished Spring Data repository scanning in 2 ms. Found 0 JPA repository interfaces.
2024-09-05T15:25:18.800Z  INFO 16208 --- [GestCantineADA] [restartedMain] o.s.b.w.embedded.tomcat.TomcatWebServer  : Tomcat initialized with port 8080 (http)
2024-09-05T15:25:18.807Z  INFO 16208 --- [GestCantineADA] [restartedMain] o.apache.catalina.core.StandardService   : Starting service [Tomcat]
2024-09-05T15:25:18.809Z  INFO 16208 --- [GestCantineADA] [restartedMain] o.apache.catalina.core.StandardEngine    : Starting Servlet engine: [Apache Tomcat/10.1.28]
2024-09-05T15:25:18.844Z  INFO 16208 --- [GestCantineADA] [restartedMain] o.a.c.c.C.[Tomcat].[localhost].[/]       : Initializing Spring embedded WebApplicationContext
2024-09-05T15:25:18.845Z  INFO 16208 --- [GestCantineADA] [restartedMain] w.s.c.ServletWebServerApplicationContext : Root WebApplicationContext: initialization completed in 625 ms
2024-09-05T15:25:18.906Z  INFO 16208 --- [GestCantineADA] [restartedMain] o.hibernate.jpa.internal.util.LogHelper  : HHH000204: Processing PersistenceUnitInfo [name: default]
2024-09-05T15:25:18.912Z  INFO 16208 --- [GestCantineADA] [restartedMain] o.h.c.internal.RegionFactoryInitiator    : HHH000026: Second-level cache disabled
2024-09-05T15:25:18.939Z  INFO 16208 --- [GestCantineADA] [restartedMain] o.s.o.j.p.SpringPersistenceUnitInfo      : No LoadTimeWeaver setup: ignoring JPA class transformer
2024-09-05T15:25:18.941Z  INFO 16208 --- [GestCantineADA] [restartedMain] com.zaxxer.hikari.HikariDataSource       : HikariPool-6 - Starting...
2024-09-05T15:25:18.974Z  INFO 16208 --- [GestCantineADA] [restartedMain] com.zaxxer.hikari.pool.HikariPool        : HikariPool-6 - Added connection com.mysql.cj.jdbc.ConnectionImpl@23a8ac3
2024-09-05T15:25:18.974Z  INFO 16208 --- [GestCantineADA] [restartedMain] com.zaxxer.hikari.HikariDataSource       : HikariPool-6 - Start completed.
2024-09-05T15:25:18.978Z  WARN 16208 --- [GestCantineADA] [restartedMain] org.hibernate.orm.deprecation            : HHH90000025: MySQLDialect does not need to be specified explicitly using 'hibernate.dialect' (remove the property setting and it will be selected by default)
2024-09-05T15:25:19.027Z  INFO 16208 --- [GestCantineADA] [restartedMain] o.h.e.t.j.p.i.JtaPlatformInitiator       : HHH000489: No JTA platform available (set 'hibernate.transaction.jta.platform' to enable JTA platform integration)
2024-09-05T15:25:19.029Z  INFO 16208 --- [GestCantineADA] [restartedMain] j.LocalContainerEntityManagerFactoryBean : Initialized JPA EntityManagerFactory for persistence unit 'default'
2024-09-05T15:25:19.080Z  WARN 16208 --- [GestCantineADA] [restartedMain] JpaBaseConfiguration$JpaWebConfiguration : spring.jpa.open-in-view is enabled by default. Therefore, database queries may be performed during view rendering. Explicitly configure spring.jpa.open-in-view to disable this warning
2024-09-05T15:25:19.101Z  INFO 16208 --- [GestCantineADA] [restartedMain] o.s.b.a.w.s.WelcomePageHandlerMapping    : Adding welcome page template: index
2024-09-05T15:25:19.553Z  INFO 16208 --- [GestCantineADA] [restartedMain] o.s.b.d.a.OptionalLiveReloadServer       : LiveReload server is running on port 35729
2024-09-05T15:25:19.569Z  INFO 16208 --- [GestCantineADA] [restartedMain] o.s.b.w.embedded.tomcat.TomcatWebServer  : Tomcat started on port 8080 (http) with context path '/'
2024-09-05T15:25:19.576Z  INFO 16208 --- [GestCantineADA] [restartedMain] c.g.G.GestCantineAdaApplication          : Started GestCantineAdaApplication in 1.466 seconds (process running for 914.605)
2024-09-05T15:25:19.578Z  INFO 16208 --- [GestCantineADA] [restartedMain] .ConditionEvaluationDeltaLoggingListener : Condition evaluation unchanged
2024-09-05T15:25:23.258Z  INFO 16208 --- [GestCantineADA] [File Watcher] rtingClassPathChangeChangedEventListener : Restarting due to 2 class path changes (2 additions, 0 deletions, 0 modifications)
2024-09-05T15:25:23.655Z  INFO 16208 --- [GestCantineADA] [Thread-23] j.LocalContainerEntityManagerFactoryBean : Closing JPA EntityManagerFactory for persistence unit 'default'
2024-09-05T15:25:23.656Z  INFO 16208 --- [GestCantineADA] [Thread-23] com.zaxxer.hikari.HikariDataSource       : HikariPool-6 - Shutdown initiated...
2024-09-05T15:25:23.669Z  INFO 16208 --- [GestCantineADA] [Thread-23] com.zaxxer.hikari.HikariDataSource       : HikariPool-6 - Shutdown completed.
2024-09-05T15:25:23.878Z  INFO 16208 --- [GestCantineADA] [restartedMain] c.g.G.GestCantineAdaApplication          : Starting GestCantineAdaApplication using Java 17.0.12 with PID 16208 (C:\Users\BINO BINO\Desktop\GestCantineADA\target\classes started by BINO BINO in C:\Users\BINO BINO\Desktop\GestCantineADA)
2024-09-05T15:25:23.878Z  INFO 16208 --- [GestCantineADA] [restartedMain] c.g.G.GestCantineAdaApplication          : No active profile set, falling back to 1 default profile: "default"
2024-09-05T15:25:24.456Z  INFO 16208 --- [GestCantineADA] [restartedMain] .s.d.r.c.RepositoryConfigurationDelegate : Bootstrapping Spring Data JPA repositories in DEFAULT mode.
2024-09-05T15:25:24.474Z  INFO 16208 --- [GestCantineADA] [restartedMain] .s.d.r.c.RepositoryConfigurationDelegate : Finished Spring Data repository scanning in 14 ms. Found 0 JPA repository interfaces.
2024-09-05T15:25:25.075Z  INFO 16208 --- [GestCantineADA] [restartedMain] o.s.b.w.embedded.tomcat.TomcatWebServer  : Tomcat initialized with port 8080 (http)
2024-09-05T15:25:25.077Z  INFO 16208 --- [GestCantineADA] [restartedMain] o.apache.catalina.core.StandardService   : Starting service [Tomcat]
2024-09-05T15:25:25.081Z  INFO 16208 --- [GestCantineADA] [restartedMain] o.apache.catalina.core.StandardEngine    : Starting Servlet engine: [Apache Tomcat/10.1.28]
2024-09-05T15:25:25.142Z  INFO 16208 --- [GestCantineADA] [restartedMain] o.a.c.c.C.[Tomcat].[localhost].[/]       : Initializing Spring embedded WebApplicationContext
2024-09-05T15:25:25.142Z  INFO 16208 --- [GestCantineADA] [restartedMain] w.s.c.ServletWebServerApplicationContext : Root WebApplicationContext: initialization completed in 1258 ms
2024-09-05T15:25:25.286Z  INFO 16208 --- [GestCantineADA] [restartedMain] o.hibernate.jpa.internal.util.LogHelper  : HHH000204: Processing PersistenceUnitInfo [name: default]
2024-09-05T15:25:25.301Z  INFO 16208 --- [GestCantineADA] [restartedMain] o.h.c.internal.RegionFactoryInitiator    : HHH000026: Second-level cache disabled
2024-09-05T15:25:25.343Z  INFO 16208 --- [GestCantineADA] [restartedMain] o.s.o.j.p.SpringPersistenceUnitInfo      : No LoadTimeWeaver setup: ignoring JPA class transformer
2024-09-05T15:25:25.348Z  INFO 16208 --- [GestCantineADA] [restartedMain] com.zaxxer.hikari.HikariDataSource       : HikariPool-7 - Starting...
2024-09-05T15:25:25.404Z  INFO 16208 --- [GestCantineADA] [restartedMain] com.zaxxer.hikari.pool.HikariPool        : HikariPool-7 - Added connection com.mysql.cj.jdbc.ConnectionImpl@78ab85fc
2024-09-05T15:25:25.406Z  INFO 16208 --- [GestCantineADA] [restartedMain] com.zaxxer.hikari.HikariDataSource       : HikariPool-7 - Start completed.
2024-09-05T15:25:25.408Z  WARN 16208 --- [GestCantineADA] [restartedMain] org.hibernate.orm.deprecation            : HHH90000025: MySQLDialect does not need to be specified explicitly using 'hibernate.dialect' (remove the property setting and it will be selected by default)
2024-09-05T15:25:25.462Z  INFO 16208 --- [GestCantineADA] [restartedMain] o.h.e.t.j.p.i.JtaPlatformInitiator       : HHH000489: No JTA platform available (set 'hibernate.transaction.jta.platform' to enable JTA platform integration)
2024-09-05T15:25:25.462Z  INFO 16208 --- [GestCantineADA] [restartedMain] j.LocalContainerEntityManagerFactoryBean : Initialized JPA EntityManagerFactory for persistence unit 'default'
2024-09-05T15:25:25.513Z  WARN 16208 --- [GestCantineADA] [restartedMain] JpaBaseConfiguration$JpaWebConfiguration : spring.jpa.open-in-view is enabled by default. Therefore, database queries may be performed during view rendering. Explicitly configure spring.jpa.open-in-view to disable this warning
2024-09-05T15:25:25.534Z  INFO 16208 --- [GestCantineADA] [restartedMain] o.s.b.a.w.s.WelcomePageHandlerMapping    : Adding welcome page template: index
2024-09-05T15:25:26.187Z  INFO 16208 --- [GestCantineADA] [restartedMain] o.s.b.d.a.OptionalLiveReloadServer       : LiveReload server is running on port 35729
2024-09-05T15:25:26.305Z  INFO 16208 --- [GestCantineADA] [restartedMain] o.s.b.w.embedded.tomcat.TomcatWebServer  : Tomcat started on port 8080 (http) with context path '/'
2024-09-05T15:25:26.321Z  INFO 16208 --- [GestCantineADA] [restartedMain] c.g.G.GestCantineAdaApplication          : Started GestCantineAdaApplication in 2.533 seconds (process running for 921.35)
2024-09-05T15:25:26.323Z  INFO 16208 --- [GestCantineADA] [restartedMain] .ConditionEvaluationDeltaLoggingListener : Condition evaluation unchanged
2024-09-05T15:25:39.165Z  INFO 16208 --- [GestCantineADA] [http-nio-8080-exec-1] o.a.c.c.C.[Tomcat].[localhost].[/]       : Initializing Spring DispatcherServlet 'dispatcherServlet'
2024-09-05T15:25:39.166Z  INFO 16208 --- [GestCantineADA] [http-nio-8080-exec-1] o.s.web.servlet.DispatcherServlet        : Initializing Servlet 'dispatcherServlet'
2024-09-05T15:25:39.167Z  INFO 16208 --- [GestCantineADA] [http-nio-8080-exec-1] o.s.web.servlet.DispatcherServlet        : Completed initialization in 1 ms
2024-09-05T15:32:15.375Z  INFO 16208 --- [GestCantineADA] [File Watcher] rtingClassPathChangeChangedEventListener : Restarting due to 2 class path changes (0 additions, 2 deletions, 0 modifications)
2024-09-05T15:32:15.734Z  INFO 16208 --- [GestCantineADA] [Thread-27] j.LocalContainerEntityManagerFactoryBean : Closing JPA EntityManagerFactory for persistence unit 'default'
2024-09-05T15:32:15.735Z  INFO 16208 --- [GestCantineADA] [Thread-27] com.zaxxer.hikari.HikariDataSource       : HikariPool-7 - Shutdown initiated...
2024-09-05T15:32:15.750Z  INFO 16208 --- [GestCantineADA] [Thread-27] com.zaxxer.hikari.HikariDataSource       : HikariPool-7 - Shutdown completed.
2024-09-05T15:32:15.933Z  INFO 16208 --- [GestCantineADA] [restartedMain] c.g.G.GestCantineAdaApplication          : Starting GestCantineAdaApplication using Java 17.0.12 with PID 16208 (C:\Users\BINO BINO\Desktop\GestCantineADA\target\classes started by BINO BINO in C:\Users\BINO BINO\Desktop\GestCantineADA)
2024-09-05T15:32:15.934Z  INFO 16208 --- [GestCantineADA] [restartedMain] c.g.G.GestCantineAdaApplication          : No active profile set, falling back to 1 default profile: "default"
2024-09-05T15:32:16.263Z  INFO 16208 --- [GestCantineADA] [restartedMain] .s.d.r.c.RepositoryConfigurationDelegate : Bootstrapping Spring Data JPA repositories in DEFAULT mode.
2024-09-05T15:32:16.268Z  INFO 16208 --- [GestCantineADA] [restartedMain] .s.d.r.c.RepositoryConfigurationDelegate : Finished Spring Data repository scanning in 3 ms. Found 0 JPA repository interfaces.
2024-09-05T15:32:16.456Z  INFO 16208 --- [GestCantineADA] [restartedMain] o.s.b.w.embedded.tomcat.TomcatWebServer  : Tomcat initialized with port 8080 (http)
2024-09-05T15:32:16.458Z  INFO 16208 --- [GestCantineADA] [restartedMain] o.apache.catalina.core.StandardService   : Starting service [Tomcat]
2024-09-05T15:32:16.459Z  INFO 16208 --- [GestCantineADA] [restartedMain] o.apache.catalina.core.StandardEngine    : Starting Servlet engine: [Apache Tomcat/10.1.28]
2024-09-05T15:32:16.492Z  INFO 16208 --- [GestCantineADA] [restartedMain] o.a.c.c.C.[Tomcat].[localhost].[/]       : Initializing Spring embedded WebApplicationContext
2024-09-05T15:32:16.493Z  INFO 16208 --- [GestCantineADA] [restartedMain] w.s.c.ServletWebServerApplicationContext : Root WebApplicationContext: initialization completed in 549 ms
2024-09-05T15:32:16.574Z  INFO 16208 --- [GestCantineADA] [restartedMain] o.hibernate.jpa.internal.util.LogHelper  : HHH000204: Processing PersistenceUnitInfo [name: default]
2024-09-05T15:32:16.581Z  INFO 16208 --- [GestCantineADA] [restartedMain] o.h.c.internal.RegionFactoryInitiator    : HHH000026: Second-level cache disabled
2024-09-05T15:32:16.597Z  INFO 16208 --- [GestCantineADA] [restartedMain] o.s.o.j.p.SpringPersistenceUnitInfo      : No LoadTimeWeaver setup: ignoring JPA class transformer
2024-09-05T15:32:16.600Z  INFO 16208 --- [GestCantineADA] [restartedMain] com.zaxxer.hikari.HikariDataSource       : HikariPool-8 - Starting...
2024-09-05T15:32:16.649Z  INFO 16208 --- [GestCantineADA] [restartedMain] com.zaxxer.hikari.pool.HikariPool        : HikariPool-8 - Added connection com.mysql.cj.jdbc.ConnectionImpl@36c6097d
2024-09-05T15:32:16.650Z  INFO 16208 --- [GestCantineADA] [restartedMain] com.zaxxer.hikari.HikariDataSource       : HikariPool-8 - Start completed.
2024-09-05T15:32:16.653Z  WARN 16208 --- [GestCantineADA] [restartedMain] org.hibernate.orm.deprecation            : HHH90000025: MySQLDialect does not need to be specified explicitly using 'hibernate.dialect' (remove the property setting and it will be selected by default)
2024-09-05T15:32:16.715Z  INFO 16208 --- [GestCantineADA] [restartedMain] o.h.e.t.j.p.i.JtaPlatformInitiator       : HHH000489: No JTA platform available (set 'hibernate.transaction.jta.platform' to enable JTA platform integration)
2024-09-05T15:32:16.716Z  INFO 16208 --- [GestCantineADA] [restartedMain] j.LocalContainerEntityManagerFactoryBean : Initialized JPA EntityManagerFactory for persistence unit 'default'
2024-09-05T15:32:16.750Z  WARN 16208 --- [GestCantineADA] [restartedMain] JpaBaseConfiguration$JpaWebConfiguration : spring.jpa.open-in-view is enabled by default. Therefore, database queries may be performed during view rendering. Explicitly configure spring.jpa.open-in-view to disable this warning
2024-09-05T15:32:16.767Z  INFO 16208 --- [GestCantineADA] [restartedMain] o.s.b.a.w.s.WelcomePageHandlerMapping    : Adding welcome page template: index
2024-09-05T15:32:16.960Z  INFO 16208 --- [GestCantineADA] [restartedMain] o.s.b.d.a.OptionalLiveReloadServer       : LiveReload server is running on port 35729
2024-09-05T15:32:17.031Z  INFO 16208 --- [GestCantineADA] [restartedMain] o.s.b.w.embedded.tomcat.TomcatWebServer  : Tomcat started on port 8080 (http) with context path '/'
2024-09-05T15:32:17.046Z  INFO 16208 --- [GestCantineADA] [restartedMain] c.g.G.GestCantineAdaApplication          : Started GestCantineAdaApplication in 1.186 seconds (process running for 1332.074)
2024-09-05T15:32:17.048Z  INFO 16208 --- [GestCantineADA] [restartedMain] .ConditionEvaluationDeltaLoggingListener : Condition evaluation unchanged
2024-09-05T15:32:22.835Z  INFO 16208 --- [GestCantineADA] [File Watcher] rtingClassPathChangeChangedEventListener : Restarting due to 2 class path changes (2 additions, 0 deletions, 0 modifications)
2024-09-05T15:32:23.133Z  INFO 16208 --- [GestCantineADA] [Thread-31] j.LocalContainerEntityManagerFactoryBean : Closing JPA EntityManagerFactory for persistence unit 'default'
2024-09-05T15:32:23.134Z  INFO 16208 --- [GestCantineADA] [Thread-31] com.zaxxer.hikari.HikariDataSource       : HikariPool-8 - Shutdown initiated...
2024-09-05T15:32:23.144Z  INFO 16208 --- [GestCantineADA] [Thread-31] com.zaxxer.hikari.HikariDataSource       : HikariPool-8 - Shutdown completed.
2024-09-05T15:32:23.296Z  INFO 16208 --- [GestCantineADA] [restartedMain] c.g.G.GestCantineAdaApplication          : Starting GestCantineAdaApplication using Java 17.0.12 with PID 16208 (C:\Users\BINO BINO\Desktop\GestCantineADA\target\classes started by BINO BINO in C:\Users\BINO BINO\Desktop\GestCantineADA)
2024-09-05T15:32:23.296Z  INFO 16208 --- [GestCantineADA] [restartedMain] c.g.G.GestCantineAdaApplication          : No active profile set, falling back to 1 default profile: "default"
2024-09-05T15:32:23.646Z  INFO 16208 --- [GestCantineADA] [restartedMain] .s.d.r.c.RepositoryConfigurationDelegate : Bootstrapping Spring Data JPA repositories in DEFAULT mode.
2024-09-05T15:32:23.652Z  INFO 16208 --- [GestCantineADA] [restartedMain] .s.d.r.c.RepositoryConfigurationDelegate : Finished Spring Data repository scanning in 5 ms. Found 0 JPA repository interfaces.
2024-09-05T15:32:23.852Z  INFO 16208 --- [GestCantineADA] [restartedMain] o.s.b.w.embedded.tomcat.TomcatWebServer  : Tomcat initialized with port 8080 (http)
2024-09-05T15:32:23.854Z  INFO 16208 --- [GestCantineADA] [restartedMain] o.apache.catalina.core.StandardService   : Starting service [Tomcat]
2024-09-05T15:32:23.854Z  INFO 16208 --- [GestCantineADA] [restartedMain] o.apache.catalina.core.StandardEngine    : Starting Servlet engine: [Apache Tomcat/10.1.28]
2024-09-05T15:32:23.926Z  INFO 16208 --- [GestCantineADA] [restartedMain] o.a.c.c.C.[Tomcat].[localhost].[/]       : Initializing Spring embedded WebApplicationContext
2024-09-05T15:32:23.926Z  INFO 16208 --- [GestCantineADA] [restartedMain] w.s.c.ServletWebServerApplicationContext : Root WebApplicationContext: initialization completed in 626 ms
2024-09-05T15:32:23.996Z  INFO 16208 --- [GestCantineADA] [restartedMain] o.hibernate.jpa.internal.util.LogHelper  : HHH000204: Processing PersistenceUnitInfo [name: default]
2024-09-05T15:32:24.005Z  INFO 16208 --- [GestCantineADA] [restartedMain] o.h.c.internal.RegionFactoryInitiator    : HHH000026: Second-level cache disabled
2024-09-05T15:32:24.020Z  INFO 16208 --- [GestCantineADA] [restartedMain] o.s.o.j.p.SpringPersistenceUnitInfo      : No LoadTimeWeaver setup: ignoring JPA class transformer
2024-09-05T15:32:24.022Z  INFO 16208 --- [GestCantineADA] [restartedMain] com.zaxxer.hikari.HikariDataSource       : HikariPool-9 - Starting...
2024-09-05T15:32:24.096Z  INFO 16208 --- [GestCantineADA] [restartedMain] com.zaxxer.hikari.pool.HikariPool        : HikariPool-9 - Added connection com.mysql.cj.jdbc.ConnectionImpl@5dfb6723
2024-09-05T15:32:24.097Z  INFO 16208 --- [GestCantineADA] [restartedMain] com.zaxxer.hikari.HikariDataSource       : HikariPool-9 - Start completed.
2024-09-05T15:32:24.099Z  WARN 16208 --- [GestCantineADA] [restartedMain] org.hibernate.orm.deprecation            : HHH90000025: MySQLDialect does not need to be specified explicitly using 'hibernate.dialect' (remove the property setting and it will be selected by default)
2024-09-05T15:32:24.137Z  INFO 16208 --- [GestCantineADA] [restartedMain] o.h.e.t.j.p.i.JtaPlatformInitiator       : HHH000489: No JTA platform available (set 'hibernate.transaction.jta.platform' to enable JTA platform integration)
2024-09-05T15:32:24.138Z  INFO 16208 --- [GestCantineADA] [restartedMain] j.LocalContainerEntityManagerFactoryBean : Initialized JPA EntityManagerFactory for persistence unit 'default'
2024-09-05T15:32:24.182Z  WARN 16208 --- [GestCantineADA] [restartedMain] JpaBaseConfiguration$JpaWebConfiguration : spring.jpa.open-in-view is enabled by default. Therefore, database queries may be performed during view rendering. Explicitly configure spring.jpa.open-in-view to disable this warning
2024-09-05T15:32:24.196Z  INFO 16208 --- [GestCantineADA] [restartedMain] o.s.b.a.w.s.WelcomePageHandlerMapping    : Adding welcome page template: index
2024-09-05T15:32:24.443Z  INFO 16208 --- [GestCantineADA] [restartedMain] o.s.b.d.a.OptionalLiveReloadServer       : LiveReload server is running on port 35729
2024-09-05T15:32:24.488Z  INFO 16208 --- [GestCantineADA] [restartedMain] o.s.b.w.embedded.tomcat.TomcatWebServer  : Tomcat started on port 8080 (http) with context path '/'
2024-09-05T15:32:24.497Z  INFO 16208 --- [GestCantineADA] [restartedMain] c.g.G.GestCantineAdaApplication          : Started GestCantineAdaApplication in 1.262 seconds (process running for 1339.526)
2024-09-05T15:32:24.500Z  INFO 16208 --- [GestCantineADA] [restartedMain] .ConditionEvaluationDeltaLoggingListener : Condition evaluation unchanged
2024-09-05T15:32:40.450Z  INFO 16208 --- [GestCantineADA] [http-nio-8080-exec-1] o.a.c.c.C.[Tomcat].[localhost].[/]       : Initializing Spring DispatcherServlet 'dispatcherServlet'
2024-09-05T15:32:40.450Z  INFO 16208 --- [GestCantineADA] [http-nio-8080-exec-1] o.s.web.servlet.DispatcherServlet        : Initializing Servlet 'dispatcherServlet'
2024-09-05T15:32:40.451Z  INFO 16208 --- [GestCantineADA] [http-nio-8080-exec-1] o.s.web.servlet.DispatcherServlet        : Completed initialization in 1 ms
2024-09-05T15:33:23.573Z  INFO 16208 --- [GestCantineADA] [File Watcher] rtingClassPathChangeChangedEventListener : Restarting due to 1 class path change (0 additions, 1 deletion, 0 modifications)
2024-09-05T15:33:23.943Z  INFO 16208 --- [GestCantineADA] [Thread-35] j.LocalContainerEntityManagerFactoryBean : Closing JPA EntityManagerFactory for persistence unit 'default'
2024-09-05T15:33:23.944Z  INFO 16208 --- [GestCantineADA] [Thread-35] com.zaxxer.hikari.HikariDataSource       : HikariPool-9 - Shutdown initiated...
2024-09-05T15:33:23.956Z  INFO 16208 --- [GestCantineADA] [Thread-35] com.zaxxer.hikari.HikariDataSource       : HikariPool-9 - Shutdown completed.
2024-09-05T15:33:24.177Z  INFO 16208 --- [GestCantineADA] [restartedMain] c.g.G.GestCantineAdaApplication          : Starting GestCantineAdaApplication using Java 17.0.12 with PID 16208 (C:\Users\BINO BINO\Desktop\GestCantineADA\target\classes started by BINO BINO in C:\Users\BINO BINO\Desktop\GestCantineADA)
2024-09-05T15:33:24.177Z  INFO 16208 --- [GestCantineADA] [restartedMain] c.g.G.GestCantineAdaApplication          : No active profile set, falling back to 1 default profile: "default"
2024-09-05T15:33:24.689Z  INFO 16208 --- [GestCantineADA] [restartedMain] .s.d.r.c.RepositoryConfigurationDelegate : Bootstrapping Spring Data JPA repositories in DEFAULT mode.
2024-09-05T15:33:24.693Z  INFO 16208 --- [GestCantineADA] [restartedMain] .s.d.r.c.RepositoryConfigurationDelegate : Finished Spring Data repository scanning in 3 ms. Found 0 JPA repository interfaces.
2024-09-05T15:33:24.894Z  INFO 16208 --- [GestCantineADA] [restartedMain] o.s.b.w.embedded.tomcat.TomcatWebServer  : Tomcat initialized with port 8080 (http)
2024-09-05T15:33:24.895Z  INFO 16208 --- [GestCantineADA] [restartedMain] o.apache.catalina.core.StandardService   : Starting service [Tomcat]
2024-09-05T15:33:24.896Z  INFO 16208 --- [GestCantineADA] [restartedMain] o.apache.catalina.core.StandardEngine    : Starting Servlet engine: [Apache Tomcat/10.1.28]
2024-09-05T15:33:24.973Z  INFO 16208 --- [GestCantineADA] [restartedMain] o.a.c.c.C.[Tomcat].[localhost].[/]       : Initializing Spring embedded WebApplicationContext
2024-09-05T15:33:24.973Z  INFO 16208 --- [GestCantineADA] [restartedMain] w.s.c.ServletWebServerApplicationContext : Root WebApplicationContext: initialization completed in 792 ms
2024-09-05T15:33:25.085Z  INFO 16208 --- [GestCantineADA] [restartedMain] o.hibernate.jpa.internal.util.LogHelper  : HHH000204: Processing PersistenceUnitInfo [name: default]
2024-09-05T15:33:25.090Z  INFO 16208 --- [GestCantineADA] [restartedMain] o.h.c.internal.RegionFactoryInitiator    : HHH000026: Second-level cache disabled
2024-09-05T15:33:25.104Z  INFO 16208 --- [GestCantineADA] [restartedMain] o.s.o.j.p.SpringPersistenceUnitInfo      : No LoadTimeWeaver setup: ignoring JPA class transformer
2024-09-05T15:33:25.107Z  INFO 16208 --- [GestCantineADA] [restartedMain] com.zaxxer.hikari.HikariDataSource       : HikariPool-10 - Starting...
2024-09-05T15:33:25.209Z  INFO 16208 --- [GestCantineADA] [restartedMain] com.zaxxer.hikari.pool.HikariPool        : HikariPool-10 - Added connection com.mysql.cj.jdbc.ConnectionImpl@136bdf18
2024-09-05T15:33:25.209Z  INFO 16208 --- [GestCantineADA] [restartedMain] com.zaxxer.hikari.HikariDataSource       : HikariPool-10 - Start completed.
2024-09-05T15:33:25.212Z  WARN 16208 --- [GestCantineADA] [restartedMain] org.hibernate.orm.deprecation            : HHH90000025: MySQLDialect does not need to be specified explicitly using 'hibernate.dialect' (remove the property setting and it will be selected by default)
2024-09-05T15:33:25.244Z  INFO 16208 --- [GestCantineADA] [restartedMain] o.h.e.t.j.p.i.JtaPlatformInitiator       : HHH000489: No JTA platform available (set 'hibernate.transaction.jta.platform' to enable JTA platform integration)
2024-09-05T15:33:25.245Z  INFO 16208 --- [GestCantineADA] [restartedMain] j.LocalContainerEntityManagerFactoryBean : Initialized JPA EntityManagerFactory for persistence unit 'default'
2024-09-05T15:33:25.535Z  WARN 16208 --- [GestCantineADA] [restartedMain] JpaBaseConfiguration$JpaWebConfiguration : spring.jpa.open-in-view is enabled by default. Therefore, database queries may be performed during view rendering. Explicitly configure spring.jpa.open-in-view to disable this warning
2024-09-05T15:33:25.581Z  INFO 16208 --- [GestCantineADA] [restartedMain] o.s.b.a.w.s.WelcomePageHandlerMapping    : Adding welcome page template: index
2024-09-05T15:33:26.196Z  INFO 16208 --- [GestCantineADA] [restartedMain] o.s.b.d.a.OptionalLiveReloadServer       : LiveReload server is running on port 35729
2024-09-05T15:33:26.277Z  INFO 16208 --- [GestCantineADA] [restartedMain] o.s.b.w.embedded.tomcat.TomcatWebServer  : Tomcat started on port 8080 (http) with context path '/'
2024-09-05T15:33:26.286Z  INFO 16208 --- [GestCantineADA] [restartedMain] c.g.G.GestCantineAdaApplication          : Started GestCantineAdaApplication in 2.205 seconds (process running for 1401.315)
2024-09-05T15:33:26.288Z  INFO 16208 --- [GestCantineADA] [restartedMain] .ConditionEvaluationDeltaLoggingListener : Condition evaluation unchanged
2024-09-05T15:33:32.213Z  INFO 16208 --- [GestCantineADA] [File Watcher] rtingClassPathChangeChangedEventListener : Restarting due to 1 class path change (1 addition, 0 deletions, 0 modifications)
2024-09-05T15:33:32.540Z  INFO 16208 --- [GestCantineADA] [Thread-39] j.LocalContainerEntityManagerFactoryBean : Closing JPA EntityManagerFactory for persistence unit 'default'
2024-09-05T15:33:32.541Z  INFO 16208 --- [GestCantineADA] [Thread-39] com.zaxxer.hikari.HikariDataSource       : HikariPool-10 - Shutdown initiated...
2024-09-05T15:33:32.552Z  INFO 16208 --- [GestCantineADA] [Thread-39] com.zaxxer.hikari.HikariDataSource       : HikariPool-10 - Shutdown completed.
2024-09-05T15:33:32.707Z  INFO 16208 --- [GestCantineADA] [restartedMain] c.g.G.GestCantineAdaApplication          : Starting GestCantineAdaApplication using Java 17.0.12 with PID 16208 (C:\Users\BINO BINO\Desktop\GestCantineADA\target\classes started by BINO BINO in C:\Users\BINO BINO\Desktop\GestCantineADA)
2024-09-05T15:33:32.708Z  INFO 16208 --- [GestCantineADA] [restartedMain] c.g.G.GestCantineAdaApplication          : No active profile set, falling back to 1 default profile: "default"
2024-09-05T15:33:33.081Z  INFO 16208 --- [GestCantineADA] [restartedMain] .s.d.r.c.RepositoryConfigurationDelegate : Bootstrapping Spring Data JPA repositories in DEFAULT mode.
2024-09-05T15:33:33.085Z  INFO 16208 --- [GestCantineADA] [restartedMain] .s.d.r.c.RepositoryConfigurationDelegate : Finished Spring Data repository scanning in 3 ms. Found 0 JPA repository interfaces.
2024-09-05T15:33:33.241Z  INFO 16208 --- [GestCantineADA] [restartedMain] o.s.b.w.embedded.tomcat.TomcatWebServer  : Tomcat initialized with port 8080 (http)
2024-09-05T15:33:33.242Z  INFO 16208 --- [GestCantineADA] [restartedMain] o.apache.catalina.core.StandardService   : Starting service [Tomcat]
2024-09-05T15:33:33.243Z  INFO 16208 --- [GestCantineADA] [restartedMain] o.apache.catalina.core.StandardEngine    : Starting Servlet engine: [Apache Tomcat/10.1.28]
2024-09-05T15:33:33.275Z  INFO 16208 --- [GestCantineADA] [restartedMain] o.a.c.c.C.[Tomcat].[localhost].[/]       : Initializing Spring embedded WebApplicationContext
2024-09-05T15:33:33.275Z  INFO 16208 --- [GestCantineADA] [restartedMain] w.s.c.ServletWebServerApplicationContext : Root WebApplicationContext: initialization completed in 549 ms
2024-09-05T15:33:33.372Z  INFO 16208 --- [GestCantineADA] [restartedMain] o.hibernate.jpa.internal.util.LogHelper  : HHH000204: Processing PersistenceUnitInfo [name: default]
2024-09-05T15:33:33.379Z  INFO 16208 --- [GestCantineADA] [restartedMain] o.h.c.internal.RegionFactoryInitiator    : HHH000026: Second-level cache disabled
2024-09-05T15:33:33.395Z  INFO 16208 --- [GestCantineADA] [restartedMain] o.s.o.j.p.SpringPersistenceUnitInfo      : No LoadTimeWeaver setup: ignoring JPA class transformer
2024-09-05T15:33:33.398Z  INFO 16208 --- [GestCantineADA] [restartedMain] com.zaxxer.hikari.HikariDataSource       : HikariPool-11 - Starting...
2024-09-05T15:33:33.437Z  INFO 16208 --- [GestCantineADA] [restartedMain] com.zaxxer.hikari.pool.HikariPool        : HikariPool-11 - Added connection com.mysql.cj.jdbc.ConnectionImpl@68939547
2024-09-05T15:33:33.438Z  INFO 16208 --- [GestCantineADA] [restartedMain] com.zaxxer.hikari.HikariDataSource       : HikariPool-11 - Start completed.
2024-09-05T15:33:33.441Z  WARN 16208 --- [GestCantineADA] [restartedMain] org.hibernate.orm.deprecation            : HHH90000025: MySQLDialect does not need to be specified explicitly using 'hibernate.dialect' (remove the property setting and it will be selected by default)
2024-09-05T15:33:33.499Z  INFO 16208 --- [GestCantineADA] [restartedMain] o.h.e.t.j.p.i.JtaPlatformInitiator       : HHH000489: No JTA platform available (set 'hibernate.transaction.jta.platform' to enable JTA platform integration)
2024-09-05T15:33:33.500Z  INFO 16208 --- [GestCantineADA] [restartedMain] j.LocalContainerEntityManagerFactoryBean : Initialized JPA EntityManagerFactory for persistence unit 'default'
2024-09-05T15:33:33.536Z  WARN 16208 --- [GestCantineADA] [restartedMain] JpaBaseConfiguration$JpaWebConfiguration : spring.jpa.open-in-view is enabled by default. Therefore, database queries may be performed during view rendering. Explicitly configure spring.jpa.open-in-view to disable this warning
2024-09-05T15:33:33.587Z  INFO 16208 --- [GestCantineADA] [restartedMain] o.s.b.a.w.s.WelcomePageHandlerMapping    : Adding welcome page template: index
2024-09-05T15:33:33.869Z  INFO 16208 --- [GestCantineADA] [restartedMain] o.s.b.d.a.OptionalLiveReloadServer       : LiveReload server is running on port 35729
2024-09-05T15:33:33.906Z  INFO 16208 --- [GestCantineADA] [restartedMain] o.s.b.w.embedded.tomcat.TomcatWebServer  : Tomcat started on port 8080 (http) with context path '/'
2024-09-05T15:33:33.912Z  INFO 16208 --- [GestCantineADA] [restartedMain] c.g.G.GestCantineAdaApplication          : Started GestCantineAdaApplication in 1.262 seconds (process running for 1408.94)
2024-09-05T15:33:33.914Z  INFO 16208 --- [GestCantineADA] [restartedMain] .ConditionEvaluationDeltaLoggingListener : Condition evaluation unchanged
2024-09-05T15:33:48.962Z  INFO 16208 --- [GestCantineADA] [http-nio-8080-exec-1] o.a.c.c.C.[Tomcat].[localhost].[/]       : Initializing Spring DispatcherServlet 'dispatcherServlet'
2024-09-05T15:33:48.963Z  INFO 16208 --- [GestCantineADA] [http-nio-8080-exec-1] o.s.web.servlet.DispatcherServlet        : Initializing Servlet 'dispatcherServlet'
2024-09-05T15:33:48.972Z  INFO 16208 --- [GestCantineADA] [http-nio-8080-exec-1] o.s.web.servlet.DispatcherServlet        : Completed initialization in 3 ms
2024-09-05T15:35:52.353Z  INFO 16208 --- [GestCantineADA] [File Watcher] rtingClassPathChangeChangedEventListener : Restarting due to 3 class path changes (0 additions, 3 deletions, 0 modifications)
2024-09-05T15:35:52.664Z  INFO 16208 --- [GestCantineADA] [Thread-43] j.LocalContainerEntityManagerFactoryBean : Closing JPA EntityManagerFactory for persistence unit 'default'
2024-09-05T15:35:52.665Z  INFO 16208 --- [GestCantineADA] [Thread-43] com.zaxxer.hikari.HikariDataSource       : HikariPool-11 - Shutdown initiated...
2024-09-05T15:35:52.673Z  INFO 16208 --- [GestCantineADA] [Thread-43] com.zaxxer.hikari.HikariDataSource       : HikariPool-11 - Shutdown completed.
2024-09-05T15:35:52.846Z  INFO 16208 --- [GestCantineADA] [restartedMain] c.g.G.GestCantineAdaApplication          : Starting GestCantineAdaApplication using Java 17.0.12 with PID 16208 (C:\Users\BINO BINO\Desktop\GestCantineADA\target\classes started by BINO BINO in C:\Users\BINO BINO\Desktop\GestCantineADA)
2024-09-05T15:35:52.848Z  INFO 16208 --- [GestCantineADA] [restartedMain] c.g.G.GestCantineAdaApplication          : No active profile set, falling back to 1 default profile: "default"
2024-09-05T15:35:53.120Z  INFO 16208 --- [GestCantineADA] [restartedMain] .s.d.r.c.RepositoryConfigurationDelegate : Bootstrapping Spring Data JPA repositories in DEFAULT mode.
2024-09-05T15:35:53.125Z  INFO 16208 --- [GestCantineADA] [restartedMain] .s.d.r.c.RepositoryConfigurationDelegate : Finished Spring Data repository scanning in 2 ms. Found 0 JPA repository interfaces.
2024-09-05T15:35:53.267Z  INFO 16208 --- [GestCantineADA] [restartedMain] o.s.b.w.embedded.tomcat.TomcatWebServer  : Tomcat initialized with port 8080 (http)
2024-09-05T15:35:53.270Z  INFO 16208 --- [GestCantineADA] [restartedMain] o.apache.catalina.core.StandardService   : Starting service [Tomcat]
2024-09-05T15:35:53.271Z  INFO 16208 --- [GestCantineADA] [restartedMain] o.apache.catalina.core.StandardEngine    : Starting Servlet engine: [Apache Tomcat/10.1.28]
2024-09-05T15:35:53.303Z  INFO 16208 --- [GestCantineADA] [restartedMain] o.a.c.c.C.[Tomcat].[localhost].[/]       : Initializing Spring embedded WebApplicationContext
2024-09-05T15:35:53.303Z  INFO 16208 --- [GestCantineADA] [restartedMain] w.s.c.ServletWebServerApplicationContext : Root WebApplicationContext: initialization completed in 451 ms
2024-09-05T15:35:53.355Z  INFO 16208 --- [GestCantineADA] [restartedMain] o.hibernate.jpa.internal.util.LogHelper  : HHH000204: Processing PersistenceUnitInfo [name: default]
2024-09-05T15:35:53.359Z  INFO 16208 --- [GestCantineADA] [restartedMain] o.h.c.internal.RegionFactoryInitiator    : HHH000026: Second-level cache disabled
2024-09-05T15:35:53.380Z  INFO 16208 --- [GestCantineADA] [restartedMain] o.s.o.j.p.SpringPersistenceUnitInfo      : No LoadTimeWeaver setup: ignoring JPA class transformer
2024-09-05T15:35:53.384Z  INFO 16208 --- [GestCantineADA] [restartedMain] com.zaxxer.hikari.HikariDataSource       : HikariPool-12 - Starting...
2024-09-05T15:35:53.455Z  INFO 16208 --- [GestCantineADA] [restartedMain] com.zaxxer.hikari.pool.HikariPool        : HikariPool-12 - Added connection com.mysql.cj.jdbc.ConnectionImpl@d19915a
2024-09-05T15:35:53.457Z  INFO 16208 --- [GestCantineADA] [restartedMain] com.zaxxer.hikari.HikariDataSource       : HikariPool-12 - Start completed.
2024-09-05T15:35:53.461Z  WARN 16208 --- [GestCantineADA] [restartedMain] org.hibernate.orm.deprecation            : HHH90000025: MySQLDialect does not need to be specified explicitly using 'hibernate.dialect' (remove the property setting and it will be selected by default)
2024-09-05T15:35:53.496Z  INFO 16208 --- [GestCantineADA] [restartedMain] o.h.e.t.j.p.i.JtaPlatformInitiator       : HHH000489: No JTA platform available (set 'hibernate.transaction.jta.platform' to enable JTA platform integration)
2024-09-05T15:35:53.497Z  INFO 16208 --- [GestCantineADA] [restartedMain] j.LocalContainerEntityManagerFactoryBean : Initialized JPA EntityManagerFactory for persistence unit 'default'
2024-09-05T15:35:53.547Z  WARN 16208 --- [GestCantineADA] [restartedMain] JpaBaseConfiguration$JpaWebConfiguration : spring.jpa.open-in-view is enabled by default. Therefore, database queries may be performed during view rendering. Explicitly configure spring.jpa.open-in-view to disable this warning
2024-09-05T15:35:53.565Z  INFO 16208 --- [GestCantineADA] [restartedMain] o.s.b.a.w.s.WelcomePageHandlerMapping    : Adding welcome page template: index
2024-09-05T15:35:53.780Z  INFO 16208 --- [GestCantineADA] [restartedMain] o.s.b.d.a.OptionalLiveReloadServer       : LiveReload server is running on port 35729
2024-09-05T15:35:53.821Z  INFO 16208 --- [GestCantineADA] [restartedMain] o.s.b.w.embedded.tomcat.TomcatWebServer  : Tomcat started on port 8080 (http) with context path '/'
2024-09-05T15:35:53.826Z  INFO 16208 --- [GestCantineADA] [restartedMain] c.g.G.GestCantineAdaApplication          : Started GestCantineAdaApplication in 1.032 seconds (process running for 1548.854)
2024-09-05T15:35:53.828Z  INFO 16208 --- [GestCantineADA] [restartedMain] .ConditionEvaluationDeltaLoggingListener : Condition evaluation unchanged
2024-09-05T15:35:58.569Z  INFO 16208 --- [GestCantineADA] [File Watcher] rtingClassPathChangeChangedEventListener : Restarting due to 3 class path changes (3 additions, 0 deletions, 0 modifications)
2024-09-05T15:35:58.872Z  INFO 16208 --- [GestCantineADA] [Thread-47] j.LocalContainerEntityManagerFactoryBean : Closing JPA EntityManagerFactory for persistence unit 'default'
2024-09-05T15:35:58.873Z  INFO 16208 --- [GestCantineADA] [Thread-47] com.zaxxer.hikari.HikariDataSource       : HikariPool-12 - Shutdown initiated...
2024-09-05T15:35:58.882Z  INFO 16208 --- [GestCantineADA] [Thread-47] com.zaxxer.hikari.HikariDataSource       : HikariPool-12 - Shutdown completed.
2024-09-05T15:35:59.036Z  INFO 16208 --- [GestCantineADA] [restartedMain] c.g.G.GestCantineAdaApplication          : Starting GestCantineAdaApplication using Java 17.0.12 with PID 16208 (C:\Users\BINO BINO\Desktop\GestCantineADA\target\classes started by BINO BINO in C:\Users\BINO BINO\Desktop\GestCantineADA)
2024-09-05T15:35:59.037Z  INFO 16208 --- [GestCantineADA] [restartedMain] c.g.G.GestCantineAdaApplication          : No active profile set, falling back to 1 default profile: "default"
2024-09-05T15:35:59.364Z  INFO 16208 --- [GestCantineADA] [restartedMain] .s.d.r.c.RepositoryConfigurationDelegate : Bootstrapping Spring Data JPA repositories in DEFAULT mode.
2024-09-05T15:35:59.370Z  INFO 16208 --- [GestCantineADA] [restartedMain] .s.d.r.c.RepositoryConfigurationDelegate : Finished Spring Data repository scanning in 2 ms. Found 0 JPA repository interfaces.
2024-09-05T15:35:59.620Z  INFO 16208 --- [GestCantineADA] [restartedMain] o.s.b.w.embedded.tomcat.TomcatWebServer  : Tomcat initialized with port 8080 (http)
2024-09-05T15:35:59.625Z  INFO 16208 --- [GestCantineADA] [restartedMain] o.apache.catalina.core.StandardService   : Starting service [Tomcat]
2024-09-05T15:35:59.626Z  INFO 16208 --- [GestCantineADA] [restartedMain] o.apache.catalina.core.StandardEngine    : Starting Servlet engine: [Apache Tomcat/10.1.28]
2024-09-05T15:35:59.689Z  INFO 16208 --- [GestCantineADA] [restartedMain] o.a.c.c.C.[Tomcat].[localhost].[/]       : Initializing Spring embedded WebApplicationContext
2024-09-05T15:35:59.689Z  INFO 16208 --- [GestCantineADA] [restartedMain] w.s.c.ServletWebServerApplicationContext : Root WebApplicationContext: initialization completed in 650 ms
2024-09-05T15:35:59.806Z  INFO 16208 --- [GestCantineADA] [restartedMain] o.hibernate.jpa.internal.util.LogHelper  : HHH000204: Processing PersistenceUnitInfo [name: default]
2024-09-05T15:35:59.820Z  INFO 16208 --- [GestCantineADA] [restartedMain] o.h.c.internal.RegionFactoryInitiator    : HHH000026: Second-level cache disabled
2024-09-05T15:35:59.856Z  INFO 16208 --- [GestCantineADA] [restartedMain] o.s.o.j.p.SpringPersistenceUnitInfo      : No LoadTimeWeaver setup: ignoring JPA class transformer
2024-09-05T15:35:59.858Z  INFO 16208 --- [GestCantineADA] [restartedMain] com.zaxxer.hikari.HikariDataSource       : HikariPool-13 - Starting...
2024-09-05T15:35:59.895Z  INFO 16208 --- [GestCantineADA] [restartedMain] com.zaxxer.hikari.pool.HikariPool        : HikariPool-13 - Added connection com.mysql.cj.jdbc.ConnectionImpl@445adf69
2024-09-05T15:35:59.896Z  INFO 16208 --- [GestCantineADA] [restartedMain] com.zaxxer.hikari.HikariDataSource       : HikariPool-13 - Start completed.
2024-09-05T15:35:59.899Z  WARN 16208 --- [GestCantineADA] [restartedMain] org.hibernate.orm.deprecation            : HHH90000025: MySQLDialect does not need to be specified explicitly using 'hibernate.dialect' (remove the property setting and it will be selected by default)
2024-09-05T15:35:59.951Z  INFO 16208 --- [GestCantineADA] [restartedMain] o.h.e.t.j.p.i.JtaPlatformInitiator       : HHH000489: No JTA platform available (set 'hibernate.transaction.jta.platform' to enable JTA platform integration)
2024-09-05T15:35:59.952Z  INFO 16208 --- [GestCantineADA] [restartedMain] j.LocalContainerEntityManagerFactoryBean : Initialized JPA EntityManagerFactory for persistence unit 'default'
2024-09-05T15:36:00.112Z  WARN 16208 --- [GestCantineADA] [restartedMain] JpaBaseConfiguration$JpaWebConfiguration : spring.jpa.open-in-view is enabled by default. Therefore, database queries may be performed during view rendering. Explicitly configure spring.jpa.open-in-view to disable this warning
2024-09-05T15:36:00.166Z  INFO 16208 --- [GestCantineADA] [restartedMain] o.s.b.a.w.s.WelcomePageHandlerMapping    : Adding welcome page template: index
2024-09-05T15:36:00.495Z  INFO 16208 --- [GestCantineADA] [restartedMain] o.s.b.d.a.OptionalLiveReloadServer       : LiveReload server is running on port 35729
2024-09-05T15:36:00.548Z  INFO 16208 --- [GestCantineADA] [restartedMain] o.s.b.w.embedded.tomcat.TomcatWebServer  : Tomcat started on port 8080 (http) with context path '/'
2024-09-05T15:36:00.555Z  INFO 16208 --- [GestCantineADA] [restartedMain] c.g.G.GestCantineAdaApplication          : Started GestCantineAdaApplication in 1.56 seconds (process running for 1555.584)
2024-09-05T15:36:00.557Z  INFO 16208 --- [GestCantineADA] [restartedMain] .ConditionEvaluationDeltaLoggingListener : Condition evaluation unchanged
2024-09-05T15:36:21.338Z  INFO 16208 --- [GestCantineADA] [http-nio-8080-exec-1] o.a.c.c.C.[Tomcat].[localhost].[/]       : Initializing Spring DispatcherServlet 'dispatcherServlet'
2024-09-05T15:36:21.338Z  INFO 16208 --- [GestCantineADA] [http-nio-8080-exec-1] o.s.web.servlet.DispatcherServlet        : Initializing Servlet 'dispatcherServlet'
2024-09-05T15:36:21.345Z  INFO 16208 --- [GestCantineADA] [http-nio-8080-exec-1] o.s.web.servlet.DispatcherServlet        : Completed initialization in 6 ms
2024-09-05T15:36:47.663Z  INFO 16208 --- [GestCantineADA] [SpringApplicationShutdownHook] j.LocalContainerEntityManagerFactoryBean : Closing JPA EntityManagerFactory for persistence unit 'default'
2024-09-05T15:36:47.664Z  INFO 16208 --- [GestCantineADA] [SpringApplicationShutdownHook] com.zaxxer.hikari.HikariDataSource       : HikariPool-13 - Shutdown initiated...
2024-09-05T15:36:47.679Z  INFO 16208 --- [GestCantineADA] [SpringApplicationShutdownHook] com.zaxxer.hikari.HikariDataSource       : HikariPool-13 - Shutdown completed.
2024-09-05T15:38:46.521Z  INFO 5520 --- [GestCantineADA] [restartedMain] c.g.G.GestCantineAdaApplication          : Starting GestCantineAdaApplication using Java 17.0.12 with PID 5520 (C:\Users\BINO BINO\Desktop\GestCantineADA\target\classes started by BINO BINO in C:\Users\BINO BINO\Desktop\GestCantineADA)
2024-09-05T15:38:46.526Z  INFO 5520 --- [GestCantineADA] [restartedMain] c.g.G.GestCantineAdaApplication          : No active profile set, falling back to 1 default profile: "default"
2024-09-05T15:38:46.857Z  INFO 5520 --- [GestCantineADA] [restartedMain] .e.DevToolsPropertyDefaultsPostProcessor : Devtools property defaults active! Set 'spring.devtools.add-properties' to 'false' to disable
2024-09-05T15:38:46.858Z  INFO 5520 --- [GestCantineADA] [restartedMain] .e.DevToolsPropertyDefaultsPostProcessor : For additional web related logging consider setting the 'logging.level.web' property to 'DEBUG'
2024-09-05T15:38:49.285Z  INFO 5520 --- [GestCantineADA] [restartedMain] .s.d.r.c.RepositoryConfigurationDelegate : Bootstrapping Spring Data JPA repositories in DEFAULT mode.
2024-09-05T15:38:49.333Z  INFO 5520 --- [GestCantineADA] [restartedMain] .s.d.r.c.RepositoryConfigurationDelegate : Finished Spring Data repository scanning in 29 ms. Found 0 JPA repository interfaces.
2024-09-05T15:38:51.174Z  INFO 5520 --- [GestCantineADA] [restartedMain] o.s.b.w.embedded.tomcat.TomcatWebServer  : Tomcat initialized with port 8080 (http)
2024-09-05T15:38:51.207Z  INFO 5520 --- [GestCantineADA] [restartedMain] o.apache.catalina.core.StandardService   : Starting service [Tomcat]
2024-09-05T15:38:51.210Z  INFO 5520 --- [GestCantineADA] [restartedMain] o.apache.catalina.core.StandardEngine    : Starting Servlet engine: [Apache Tomcat/10.1.28]
2024-09-05T15:38:51.426Z  INFO 5520 --- [GestCantineADA] [restartedMain] o.a.c.c.C.[Tomcat].[localhost].[/]       : Initializing Spring embedded WebApplicationContext
2024-09-05T15:38:51.428Z  INFO 5520 --- [GestCantineADA] [restartedMain] w.s.c.ServletWebServerApplicationContext : Root WebApplicationContext: initialization completed in 4568 ms
2024-09-05T15:38:51.917Z  INFO 5520 --- [GestCantineADA] [restartedMain] o.hibernate.jpa.internal.util.LogHelper  : HHH000204: Processing PersistenceUnitInfo [name: default]
2024-09-05T15:38:52.028Z  INFO 5520 --- [GestCantineADA] [restartedMain] org.hibernate.Version                    : HHH000412: Hibernate ORM core version 6.5.2.Final
2024-09-05T15:38:52.143Z  INFO 5520 --- [GestCantineADA] [restartedMain] o.h.c.internal.RegionFactoryInitiator    : HHH000026: Second-level cache disabled
2024-09-05T15:38:52.827Z  INFO 5520 --- [GestCantineADA] [restartedMain] o.s.o.j.p.SpringPersistenceUnitInfo      : No LoadTimeWeaver setup: ignoring JPA class transformer
2024-09-05T15:38:52.970Z  INFO 5520 --- [GestCantineADA] [restartedMain] com.zaxxer.hikari.HikariDataSource       : HikariPool-1 - Starting...
2024-09-05T15:38:53.701Z  INFO 5520 --- [GestCantineADA] [restartedMain] com.zaxxer.hikari.pool.HikariPool        : HikariPool-1 - Added connection com.mysql.cj.jdbc.ConnectionImpl@16b4c0bc
2024-09-05T15:38:53.706Z  INFO 5520 --- [GestCantineADA] [restartedMain] com.zaxxer.hikari.HikariDataSource       : HikariPool-1 - Start completed.
2024-09-05T15:38:53.850Z  WARN 5520 --- [GestCantineADA] [restartedMain] org.hibernate.orm.deprecation            : HHH90000025: MySQLDialect does not need to be specified explicitly using 'hibernate.dialect' (remove the property setting and it will be selected by default)
2024-09-05T15:38:55.099Z  INFO 5520 --- [GestCantineADA] [restartedMain] o.h.e.t.j.p.i.JtaPlatformInitiator       : HHH000489: No JTA platform available (set 'hibernate.transaction.jta.platform' to enable JTA platform integration)
2024-09-05T15:38:55.138Z  INFO 5520 --- [GestCantineADA] [restartedMain] j.LocalContainerEntityManagerFactoryBean : Initialized JPA EntityManagerFactory for persistence unit 'default'
2024-09-05T15:38:55.369Z  WARN 5520 --- [GestCantineADA] [restartedMain] JpaBaseConfiguration$JpaWebConfiguration : spring.jpa.open-in-view is enabled by default. Therefore, database queries may be performed during view rendering. Explicitly configure spring.jpa.open-in-view to disable this warning
2024-09-05T15:38:55.446Z  INFO 5520 --- [GestCantineADA] [restartedMain] o.s.b.a.w.s.WelcomePageHandlerMapping    : Adding welcome page template: index
2024-09-05T15:38:56.690Z  INFO 5520 --- [GestCantineADA] [restartedMain] o.s.b.d.a.OptionalLiveReloadServer       : LiveReload server is running on port 35729
2024-09-05T15:38:56.883Z  INFO 5520 --- [GestCantineADA] [restartedMain] o.s.b.w.embedded.tomcat.TomcatWebServer  : Tomcat started on port 8080 (http) with context path '/'
2024-09-05T15:38:56.968Z  INFO 5520 --- [GestCantineADA] [restartedMain] c.g.G.GestCantineAdaApplication          : Started GestCantineAdaApplication in 11.719 seconds (process running for 13.134)
2024-09-05T15:39:02.426Z  INFO 5520 --- [GestCantineADA] [http-nio-8080-exec-1] o.a.c.c.C.[Tomcat].[localhost].[/]       : Initializing Spring DispatcherServlet 'dispatcherServlet'
2024-09-05T15:39:02.427Z  INFO 5520 --- [GestCantineADA] [http-nio-8080-exec-1] o.s.web.servlet.DispatcherServlet        : Initializing Servlet 'dispatcherServlet'
2024-09-05T15:39:02.430Z  INFO 5520 --- [GestCantineADA] [http-nio-8080-exec-1] o.s.web.servlet.DispatcherServlet        : Completed initialization in 2 ms
2024-09-05T15:40:24.988Z  INFO 5520 --- [GestCantineADA] [SpringApplicationShutdownHook] j.LocalContainerEntityManagerFactoryBean : Closing JPA EntityManagerFactory for persistence unit 'default'
2024-09-05T15:40:24.998Z  INFO 5520 --- [GestCantineADA] [SpringApplicationShutdownHook] com.zaxxer.hikari.HikariDataSource       : HikariPool-1 - Shutdown initiated...
2024-09-05T15:40:25.021Z  INFO 5520 --- [GestCantineADA] [SpringApplicationShutdownHook] com.zaxxer.hikari.HikariDataSource       : HikariPool-1 - Shutdown completed.
